
                            < M A T L A B (R) >
                  Copyright 1984-2017 The MathWorks, Inc.
                   R2017b (9.3.0.713579) 64-bit (glnxa64)
                             September 14, 2017

 
To get started, type one of these: helpwin, helpdesk, or demo.
For product information, visit www.mathworks.com.
 
time: neqn: 
    0.0103

    22

time: neqn: 
    0.0206

    22

time: neqn: 
    0.0310

    22

time: neqn: 
    0.0413

    22

time: neqn: 
    0.0516

    22

time: neqn: 
    0.0619

    22

time: neqn: 
    0.0722

    22

time: neqn: 
    0.0826

    22

time: neqn: 
    0.0929

    22

time: neqn: 
    0.1032

    22

time: neqn: 
    0.1135

    22

time: neqn: 
    0.1239

    22

time: neqn: 
    0.1342

    22

time: neqn: 
    0.1445

    22

time: neqn: 
    0.1548

    22

time: neqn: 
    0.1651

    22

time: neqn: 
    0.1755

    22

time: neqn: 
    0.1858

    22

time: neqn: 
    0.1961

    22

time: neqn: 
    0.2064

    22

time: neqn: 
    0.2167

    22

time: neqn: 
    0.2271

    22

time: neqn: 
    0.2374

    22

time: neqn: 
    0.2477

    22

time: neqn: 
    0.2580

    22

time: neqn: 
    0.2684

    22

time: neqn: 
    0.2787

    22

time: neqn: 
    0.2890

    22

time: neqn: 
    0.2993

    22

1454 time steps
CPU-times
 advection:          24.72s  100%
plotting:            0.00s    0%
CPU-times
 advection:           0.00s    0%
plotting: