
                            < M A T L A B (R) >
                  Copyright 1984-2017 The MathWorks, Inc.
                   R2017b (9.3.0.713579) 64-bit (glnxa64)
                             September 14, 2017

 
To get started, type one of these: helpwin, helpdesk, or demo.
For product information, visit www.mathworks.com.
 
time: neqn: 
    0.0118

    35

    50

time: neqn: 
    0.0236

    35

   100

time: neqn: 
    0.0353

    35

   150

time: neqn: 
    0.0471

    35

   200

time: neqn: 
    0.0589

    35

   250

time: neqn: 
    0.0707

    35

   300

time: neqn: 
    0.0825

    35

   350

time: neqn: 
    0.0942

    35

   400

time: neqn: 
    0.1060

    35

   450

time: neqn: 
    0.1178

    35

   500

time: neqn: 
    0.1296

    35

   550

time: neqn: 
    0.1413

    35

   600

time: neqn: 
    0.1531

    35

   650

time: neqn: 
    0.1649

    35

   700

time: neqn: 
    0.1767

    35

   750

time: neqn: 
    0.1885

    35

   800

time: neqn: 
    0.2002

    35

   850

time: neqn: 
    0.2120

    35

   900

time: neqn: 
    0.2238

    35

   950

time: neqn: 
    0.2356

    35

        1000

time: neqn: 
    0.2474

    35

        1050

time: neqn: 
    0.2591

    35

        1100

time: neqn: 
    0.2709

    35

        1150

time: neqn: 
    0.2827

    35

        1200

time: neqn: 
    0.2945

    35

        1250

1274 time steps
CPU-times
 advection:          31.41s   64%
plotting:           17.57s   36%
CPU-times
 advection:           0.00s    0%
plotting: