
                            < M A T L A B (R) >
                  Copyright 1984-2018 The MathWorks, Inc.
                   R2018a (9.4.0.813654) 64-bit (glnxa64)
                             February 23, 2018

 
To get started, type one of these: helpwin, helpdesk, or demo.
For product information, visit www.mathworks.com.
 
time: neqn: step_count 
    0.0061

    55

    50

time: neqn: step_count 
    0.0122

    55

   100

time: neqn: step_count 
    0.0183

    55

   150

time: neqn: step_count 
    0.0243

    55

   200

time: neqn: step_count 
    0.0304

    55

   250

time: neqn: step_count 
    0.0365

    55

   300

time: neqn: step_count 
    0.0426

    55

   350

time: neqn: step_count 
    0.0487

    55

   400

time: neqn: step_count 
    0.0548

    55

   450

time: neqn: step_count 
    0.0609

    55

   500

time: neqn: step_count 
    0.0669

    55

   550

time: neqn: step_count 
    0.0730

    55

   600

time: neqn: step_count 
    0.0791

    55

   650

time: neqn: step_count 
    0.0852

    55

   700

time: neqn: step_count 
    0.0913

    55

   750

time: neqn: step_count 
    0.0974

    55

   800

time: neqn: step_count 
    0.1035

    55

   850

time: neqn: step_count 
    0.1095

    55

   900

time: neqn: step_count 
    0.1156

    55

   950

time: neqn: step_count 
    0.1217

    55

        1000

time: neqn: step_count 
    0.1278

    55

        1050

time: neqn: step_count 
    0.1339

    55

        1100

time: neqn: step_count 
    0.1400

    55

        1150

time: neqn: step_count 
    0.1461

    55

        1200

time: neqn: step_count 
    0.1521

    55

        1250

time: neqn: step_count 
    0.1582

    55

        1300

time: neqn: step_count 
    0.1643

    55

        1350

time: neqn: step_count 
    0.1704

    55

        1400

time: neqn: step_count 
    0.1765

    55

        1450

time: neqn: step_count 
    0.1826

    55

        1500

time: neqn: step_count 
    0.1887

    55

        1550

time: neqn: step_count 
    0.1948

    55

        1600

time: neqn: step_count 
    0.2008

    55

        1650

time: neqn: step_count 
    0.2069

    55

        1700

time: neqn: step_count 
    0.2130

    55

        1750

time: neqn: step_count 
    0.2191

    55

        1800

time: neqn: step_count 
    0.2252

    55

        1850

time: neqn: step_count 
    0.2313

    55

        1900

time: neqn: step_count 
    0.2374

    55

        1950

time: neqn: step_count 
    0.2434

    55

        2000

time: neqn: step_count 
    0.2495

    55

        2050

time: neqn: step_count 
    0.2556

    55

        2100

time: neqn: step_count 
    0.2617

    55

        2150

time: neqn: step_count 
    0.2678

    55

        2200

time: neqn: step_count 
    0.2739

    55

        2250

time: neqn: step_count 
    0.2800

    55

        2300

time: neqn: step_count 
    0.2860

    55

        2350

time: neqn: step_count 
    0.2921

    55

        2400

time: neqn: step_count 
    0.2982

    55

        2450

2465 time steps
CPU-times
 advection:         178.14s  100%
plotting:            0.01s    0%
CPU-times
 advection:           0.00s    0%
plotting:written to:
result_collision_gaussian_1x1v/wall_tend_0.3_points_300_neqn_
