
                            < M A T L A B (R) >
                  Copyright 1984-2017 The MathWorks, Inc.
                   R2017b (9.3.0.713579) 64-bit (glnxa64)
                             September 14, 2017

 
To get started, type one of these: helpwin, helpdesk, or demo.
For product information, visit www.mathworks.com.
 
time: neqn: 
    0.0044

   100

    50

time: neqn: 
    0.0088

   100

   100

time: neqn: 
    0.0132

   100

   150

time: neqn: 
    0.0176

   100

   200

time: neqn: 
    0.0220

   100

   250

time: neqn: 
    0.0264

   100

   300

time: neqn: 
    0.0308

   100

   350

time: neqn: 
    0.0352

   100

   400

time: neqn: 
    0.0396

   100

   450

time: neqn: 
    0.0440

   100

   500

time: neqn: 
    0.0483

   100

   550

time: neqn: 
    0.0527

   100

   600

time: neqn: 
    0.0571

   100

   650

time: neqn: 
    0.0615

   100

   700

time: neqn: 
    0.0659

   100

   750

time: neqn: 
    0.0703

   100

   800

time: neqn: 
    0.0747

   100

   850

time: neqn: 
    0.0791

   100

   900

time: neqn: 
    0.0835

   100

   950

time: neqn: 
    0.0879

   100

        1000

time: neqn: 
    0.0923

   100

        1050

time: neqn: 
    0.0967

   100

        1100

time: neqn: 
    0.1011

   100

        1150

time: neqn: 
    0.1055

   100

        1200

time: neqn: 
    0.1099

   100

        1250

time: neqn: 
    0.1143

   100

        1300

time: neqn: 
    0.1187

   100

        1350

time: neqn: 
    0.1231

   100

        1400

time: neqn: 
    0.1275

   100

        1450

time: neqn: 
    0.1319

   100

        1500

time: neqn: 
    0.1363

   100

        1550

time: neqn: 
    0.1406

   100

        1600

time: neqn: 
    0.1450

   100

        1650

time: neqn: 
    0.1494

   100

        1700

time: neqn: 
    0.1538

   100

        1750

time: neqn: 
    0.1582

   100

        1800

time: neqn: 
    0.1626

   100

        1850

time: neqn: 
    0.1670

   100

        1900

time: neqn: 
    0.1714

   100

        1950

time: neqn: 
    0.1758

   100

        2000

time: neqn: 
    0.1802

   100

        2050

time: neqn: 
    0.1846

   100

        2100

time: neqn: 
    0.1890

   100

        2150

time: neqn: 
    0.1934

   100

        2200

time: neqn: 
    0.1978

   100

        2250

time: neqn: 
    0.2022

   100

        2300

time: neqn: 
    0.2066

   100

        2350

time: neqn: 
    0.2110

   100

        2400

time: neqn: 
    0.2154

   100

        2450

time: neqn: 
    0.2198

   100

        2500

time: neqn: 
    0.2242

   100

        2550

time: neqn: 
    0.2286

   100

        2600

time: neqn: 
    0.2330

   100

        2650

time: neqn: 
    0.2373

   100

        2700

time: neqn: 
    0.2417

   100

        2750

time: neqn: 
    0.2461

   100

        2800

time: neqn: 
    0.2505

   100

        2850

time: neqn: 
    0.2549

   100

        2900

time: neqn: 
    0.2593

   100

        2950

time: neqn: 
    0.2637

   100

        3000

time: neqn: 
    0.2681

   100

        3050

time: neqn: 
    0.2725

   100

        3100

time: neqn: 
    0.2769

   100

        3150

time: neqn: 
    0.2813

   100

        3200

time: neqn: 
    0.2857

   100

        3250

time: neqn: 
    0.2901

   100

        3300

time: neqn: 
    0.2945

   100

        3350

time: neqn: 
    0.2989

   100

        3400

3413 time steps
CPU-times
 advection:        1205.34s  100%
plotting:            0.59s    0%
CPU-times
 advection:           0.00s    0%
plotting: