
                            < M A T L A B (R) >
                  Copyright 1984-2017 The MathWorks, Inc.
                   R2017b (9.3.0.713579) 64-bit (glnxa64)
                             September 14, 2017

 
To get started, type one of these: helpwin, helpdesk, or demo.
For product information, visit www.mathworks.com.
 
time: neqn: 
    0.0015

   199

    50

time: neqn: 
    0.0031

   199

   100

time: neqn: 
    0.0046

   199

   150

time: neqn: 
    0.0061

   199

   200

time: neqn: 
    0.0076

   199

   250

time: neqn: 
    0.0092

   199

   300

time: neqn: 
    0.0107

   199

   350

time: neqn: 
    0.0122

   199

   400

time: neqn: 
    0.0137

   199

   450

time: neqn: 
    0.0153

   199

   500

time: neqn: 
    0.0168

   199

   550

time: neqn: 
    0.0183

   199

   600

time: neqn: 
    0.0199

   199

   650

time: neqn: 
    0.0214

   199

   700

time: neqn: 
    0.0229

   199

   750

time: neqn: 
    0.0244

   199

   800

time: neqn: 
    0.0260

   199

   850

time: neqn: 
    0.0275

   199

   900

time: neqn: 
    0.0290

   199

   950

time: neqn: 
    0.0305

   199

        1000

time: neqn: 
    0.0321

   199

        1050

time: neqn: 
    0.0336

   199

        1100

time: neqn: 
    0.0351

   199

        1150

time: neqn: 
    0.0367

   199

        1200

time: neqn: 
    0.0382

   199

        1250

time: neqn: 
    0.0397

   199

        1300

time: neqn: 
    0.0412

   199

        1350

time: neqn: 
    0.0428

   199

        1400

time: neqn: 
    0.0443

   199

        1450

time: neqn: 
    0.0458

   199

        1500

time: neqn: 
    0.0474

   199

        1550

time: neqn: 
    0.0489

   199

        1600

time: neqn: 
    0.0504

   199

        1650

time: neqn: 
    0.0519

   199

        1700

time: neqn: 
    0.0535

   199

        1750

time: neqn: 
    0.0550

   199

        1800

time: neqn: 
    0.0565

   199

        1850

time: neqn: 
    0.0580

   199

        1900

time: neqn: 
    0.0596

   199

        1950

time: neqn: 
    0.0611

   199

        2000

time: neqn: 
    0.0626

   199

        2050

time: neqn: 
    0.0642

   199

        2100

time: neqn: 
    0.0657

   199

        2150

time: neqn: 
    0.0672

   199

        2200

time: neqn: 
    0.0687

   199

        2250

time: neqn: 
    0.0703

   199

        2300

time: neqn: 
    0.0718

   199

        2350

time: neqn: 
    0.0733

   199

        2400

time: neqn: 
    0.0748

   199

        2450

time: neqn: 
    0.0764

   199

        2500

time: neqn: 
    0.0779

   199

        2550

time: neqn: 
    0.0794

   199

        2600

time: neqn: 
    0.0810

   199

        2650

time: neqn: 
    0.0825

   199

        2700

time: neqn: 
    0.0840

   199

        2750

time: neqn: 
    0.0855

   199

        2800

time: neqn: 
    0.0871

   199

        2850

time: neqn: 
    0.0886

   199

        2900

time: neqn: 
    0.0901

   199

        2950

time: neqn: 
    0.0916

   199

        3000

time: neqn: 
    0.0932

   199

        3050

time: neqn: 
    0.0947

   199

        3100

time: neqn: 
    0.0962

   199

        3150

time: neqn: 
    0.0978

   199

        3200

time: neqn: 
    0.0993

   199

        3250

time: neqn: 
    0.1008

   199

        3300

time: neqn: 
    0.1023

   199

        3350

time: neqn: 
    0.1039

   199

        3400

time: neqn: 
    0.1054

   199

        3450

time: neqn: 
    0.1069

   199

        3500

time: neqn: 
    0.1085

   199

        3550

time: neqn: 
    0.1100

   199

        3600

time: neqn: 
    0.1115

   199

        3650

time: neqn: 
    0.1130

   199

        3700

time: neqn: 
    0.1146

   199

        3750

time: neqn: 
    0.1161

   199

        3800

time: neqn: 
    0.1176

   199

        3850

time: neqn: 
    0.1191

   199

        3900

time: neqn: 
    0.1207

   199

        3950

time: neqn: 
    0.1222

   199

        4000

time: neqn: 
    0.1237

   199

        4050

time: neqn: 
    0.1253

   199

        4100

time: neqn: 
    0.1268

   199

        4150

time: neqn: 
    0.1283

   199

        4200

time: neqn: 
    0.1298

   199

        4250

time: neqn: 
    0.1314

   199

        4300

time: neqn: 
    0.1329

   199

        4350

time: neqn: 
    0.1344

   199

        4400

time: neqn: 
    0.1359

   199

        4450

time: neqn: 
    0.1375

   199

        4500

time: neqn: 
    0.1390

   199

        4550

time: neqn: 
    0.1405

   199

        4600

time: neqn: 
    0.1421

   199

        4650

time: neqn: 
    0.1436

   199

        4700

time: neqn: 
    0.1451

   199

        4750

time: neqn: 
    0.1466

   199

        4800

time: neqn: 
    0.1482

   199

        4850

time: neqn: 
    0.1497

   199

        4900

time: neqn: 
    0.1512

   199

        4950

time: neqn: 
    0.1527

   199

        5000

time: neqn: 
    0.1543

   199

        5050

time: neqn: 
    0.1558

   199

        5100

time: neqn: 
    0.1573

   199

        5150

time: neqn: 
    0.1589

   199

        5200

time: neqn: 
    0.1604

   199

        5250

time: neqn: 
    0.1619

   199

        5300

time: neqn: 
    0.1634

   199

        5350

time: neqn: 
    0.1650

   199

        5400

time: neqn: 
    0.1665

   199

        5450

time: neqn: 
    0.1680

   199

        5500

time: neqn: 
    0.1695

   199

        5550

time: neqn: 
    0.1711

   199

        5600

time: neqn: 
    0.1726

   199

        5650

time: neqn: 
    0.1741

   199

        5700

time: neqn: 
    0.1757

   199

        5750

time: neqn: 
    0.1772

   199

        5800

time: neqn: 
    0.1787

   199

        5850

time: neqn: 
    0.1802

   199

        5900

time: neqn: 
    0.1818

   199

        5950

time: neqn: 
    0.1833

   199

        6000

time: neqn: 
    0.1848

   199

        6050

time: neqn: 
    0.1864

   199

        6100

time: neqn: 
    0.1879

   199

        6150

time: neqn: 
    0.1894

   199

        6200

time: neqn: 
    0.1909

   199

        6250

time: neqn: 
    0.1925

   199

        6300

time: neqn: 
    0.1940

   199

        6350

time: neqn: 
    0.1955

   199

        6400

time: neqn: 
    0.1970

   199

        6450

time: neqn: 
    0.1986

   199

        6500

time: neqn: 
    0.2001

   199

        6550

time: neqn: 
    0.2016

   199

        6600

time: neqn: 
    0.2032

   199

        6650

time: neqn: 
    0.2047

   199

        6700

time: neqn: 
    0.2062

   199

        6750

time: neqn: 
    0.2077

   199

        6800

time: neqn: 
    0.2093

   199

        6850

time: neqn: 
    0.2108

   199

        6900

time: neqn: 
    0.2123

   199

        6950

time: neqn: 
    0.2138

   199

        7000

time: neqn: 
    0.2154

   199

        7050

time: neqn: 
    0.2169

   199

        7100

time: neqn: 
    0.2184

   199

        7150

time: neqn: 
    0.2200

   199

        7200

time: neqn: 
    0.2215

   199

        7250

time: neqn: 
    0.2230

   199

        7300

time: neqn: 
    0.2245

   199

        7350

time: neqn: 
    0.2261

   199

        7400

time: neqn: 
    0.2276

   199

        7450

time: neqn: 
    0.2291

   199

        7500

time: neqn: 
    0.2306

   199

        7550

time: neqn: 
    0.2322

   199

        7600

time: neqn: 
    0.2337

   199

        7650

time: neqn: 
    0.2352

   199

        7700

time: neqn: 
    0.2368

   199

        7750

time: neqn: 
    0.2383

   199

        7800

time: neqn: 
    0.2398

   199

        7850

time: neqn: 
    0.2413

   199

        7900

time: neqn: 
    0.2429

   199

        7950

time: neqn: 
    0.2444

   199

        8000

time: neqn: 
    0.2459

   199

        8050

time: neqn: 
    0.2474

   199

        8100

time: neqn: 
    0.2490

   199

        8150

time: neqn: 
    0.2505

   199

        8200

time: neqn: 
    0.2520

   199

        8250

time: neqn: 
    0.2536

   199

        8300

time: neqn: 
    0.2551

   199

        8350

time: neqn: 
    0.2566

   199

        8400

time: neqn: 
    0.2581

   199

        8450

time: neqn: 
    0.2597

   199

        8500

time: neqn: 
    0.2612

   199

        8550

time: neqn: 
    0.2627

   199

        8600

time: neqn: 
    0.2643

   199

        8650

time: neqn: 
    0.2658

   199

        8700

time: neqn: 
    0.2673

   199

        8750

time: neqn: 
    0.2688

   199

        8800

time: neqn: 
    0.2704

   199

        8850

time: neqn: 
    0.2719

   199

        8900

time: neqn: 
    0.2734

   199

        8950

time: neqn: 
    0.2749

   199

        9000

time: neqn: 
    0.2765

   199

        9050

time: neqn: 
    0.2780

   199

        9100

time: neqn: 
    0.2795

   199

        9150

time: neqn: 
    0.2811

   199

        9200

time: neqn: 
    0.2826

   199

        9250

time: neqn: 
    0.2841

   199

        9300

time: neqn: 
    0.2856

   199

        9350

time: neqn: 
    0.2872

   199

        9400

time: neqn: 
    0.2887

   199

        9450

time: neqn: 
    0.2902

   199

        9500

time: neqn: 
    0.2917

   199

        9550

time: neqn: 
    0.2933

   199

        9600

time: neqn: 
    0.2948

   199

        9650

time: neqn: 
    0.2963

   199

        9700

time: neqn: 
    0.2979

   199

        9750

time: neqn: 
    0.2994

   199

        9800

9821 time steps
CPU-times
 advection:        7133.59s  100%
plotting:           15.87s    0%
CPU-times
 advection:           0.00s    0%
plotting: