
                            < M A T L A B (R) >
                  Copyright 1984-2018 The MathWorks, Inc.
                   R2018a (9.4.0.813654) 64-bit (glnxa64)
                             February 23, 2018

 
To get started, type one of these: helpwin, helpdesk, or demo.
For product information, visit www.mathworks.com.
 
time: neqn: step_count 
    0.0063

    52

    50

time: neqn: step_count 
    0.0126

    52

   100

time: neqn: step_count 
    0.0188

    52

   150

time: neqn: step_count 
    0.0251

    52

   200

time: neqn: step_count 
    0.0314

    52

   250

time: neqn: step_count 
    0.0377

    52

   300

time: neqn: step_count 
    0.0439

    52

   350

time: neqn: step_count 
    0.0502

    52

   400

time: neqn: step_count 
    0.0565

    52

   450

time: neqn: step_count 
    0.0628

    52

   500

time: neqn: step_count 
    0.0691

    52

   550

time: neqn: step_count 
    0.0753

    52

   600

time: neqn: step_count 
    0.0816

    52

   650

time: neqn: step_count 
    0.0879

    52

   700

time: neqn: step_count 
    0.0942

    52

   750

time: neqn: step_count 
    0.1005

    52

   800

time: neqn: step_count 
    0.1067

    52

   850

time: neqn: step_count 
    0.1130

    52

   900

time: neqn: step_count 
    0.1193

    52

   950

time: neqn: step_count 
    0.1256

    52

        1000

time: neqn: step_count 
    0.1318

    52

        1050

time: neqn: step_count 
    0.1381

    52

        1100

time: neqn: step_count 
    0.1444

    52

        1150

time: neqn: step_count 
    0.1507

    52

        1200

time: neqn: step_count 
    0.1570

    52

        1250

time: neqn: step_count 
    0.1632

    52

        1300

time: neqn: step_count 
    0.1695

    52

        1350

time: neqn: step_count 
    0.1758

    52

        1400

time: neqn: step_count 
    0.1821

    52

        1450

time: neqn: step_count 
    0.1884

    52

        1500

time: neqn: step_count 
    0.1946

    52

        1550

time: neqn: step_count 
    0.2009

    52

        1600

time: neqn: step_count 
    0.2072

    52

        1650

time: neqn: step_count 
    0.2135

    52

        1700

time: neqn: step_count 
    0.2197

    52

        1750

time: neqn: step_count 
    0.2260

    52

        1800

time: neqn: step_count 
    0.2323

    52

        1850

time: neqn: step_count 
    0.2386

    52

        1900

time: neqn: step_count 
    0.2449

    52

        1950

time: neqn: step_count 
    0.2511

    52

        2000

time: neqn: step_count 
    0.2574

    52

        2050

time: neqn: step_count 
    0.2637

    52

        2100

time: neqn: step_count 
    0.2700

    52

        2150

time: neqn: step_count 
    0.2763

    52

        2200

time: neqn: step_count 
    0.2825

    52

        2250

time: neqn: step_count 
    0.2888

    52

        2300

time: neqn: step_count 
    0.2951

    52

        2350

2390 time steps
CPU-times
 advection:         155.02s  100%
plotting:            0.01s    0%
CPU-times
 advection:           0.00s    0%
plotting:written to:
result_collision_gaussian_1x1v/wall_tend_0.3_points_300_neqn_
