
                            < M A T L A B (R) >
                  Copyright 1984-2018 The MathWorks, Inc.
                   R2018a (9.4.0.813654) 64-bit (glnxa64)
                             February 23, 2018

 
To get started, type one of these: helpwin, helpdesk, or demo.
For product information, visit www.mathworks.com.
 
time: neqn: step_count 
    0.0251

     6

    50

time: neqn: step_count 
    0.0501

     6

   100

time: neqn: step_count 
    0.0752

     6

   150

time: neqn: step_count 
    0.1003

     6

   200

time: neqn: step_count 
    0.1253

     6

   250

time: neqn: step_count 
    0.1504

     6

   300

time: neqn: step_count 
    0.1755

     6

   350

time: neqn: step_count 
    0.2005

     6

   400

time: neqn: step_count 
    0.2256

     6

   450

time: neqn: step_count 
    0.2507

     6

   500

time: neqn: step_count 
    0.2758

     6

   550

599 time steps
CPU-times
 advection:           2.52s  100%
plotting:            0.00s    0%
CPU-times
 advection:           0.00s    0%
plotting:written to:
result_collision_gaussian_1x1v/wall_tend_0.3_points_300_neqn_
