
                            < M A T L A B (R) >
                  Copyright 1984-2017 The MathWorks, Inc.
                   R2017b (9.3.0.713579) 64-bit (glnxa64)
                             September 14, 2017

 
To get started, type one of these: helpwin, helpdesk, or demo.
For product information, visit www.mathworks.com.
 
time: neqn: 
    0.0109

    20

time: neqn: 
    0.0219

    20

time: neqn: 
    0.0328

    20

time: neqn: 
    0.0437

    20

time: neqn: 
    0.0547

    20

time: neqn: 
    0.0656

    20

time: neqn: 
    0.0766

    20

time: neqn: 
    0.0875

    20

time: neqn: 
    0.0984

    20

time: neqn: 
    0.1094

    20

time: neqn: 
    0.1203

    20

time: neqn: 
    0.1312

    20

time: neqn: 
    0.1422

    20

time: neqn: 
    0.1531

    20

time: neqn: 
    0.1641

    20

time: neqn: 
    0.1750

    20

time: neqn: 
    0.1859

    20

time: neqn: 
    0.1969

    20

time: neqn: 
    0.2078

    20

time: neqn: 
    0.2187

    20

time: neqn: 
    0.2297

    20

time: neqn: 
    0.2406

    20

time: neqn: 
    0.2516

    20

time: neqn: 
    0.2625

    20

time: neqn: 
    0.2734

    20

time: neqn: 
    0.2844

    20

time: neqn: 
    0.2953

    20

1372 time steps
CPU-times
 advection:          21.17s  100%
plotting:            0.00s    0%
CPU-times
 advection:           0.00s    0%
plotting: