
                            < M A T L A B (R) >
                  Copyright 1984-2018 The MathWorks, Inc.
                   R2018a (9.4.0.813654) 64-bit (glnxa64)
                             February 23, 2018

 
To get started, type one of these: helpwin, helpdesk, or demo.
For product information, visit www.mathworks.com.
 
time: neqn: step_count 
    0.0357

     4

    50

time: neqn: step_count 
    0.0714

     4

   100

time: neqn: step_count 
    0.1071

     4

   150

time: neqn: step_count 
    0.1428

     4

   200

time: neqn: step_count 
    0.1785

     4

   250

time: neqn: step_count 
    0.2142

     4

   300

time: neqn: step_count 
    0.2499

     4

   350

time: neqn: step_count 
    0.2856

     4

   400

421 time steps
CPU-times
 advection:           1.31s  100%
plotting:            0.00s    0%
CPU-times
 advection:           0.00s    0%
plotting:written to:
result_collision_gaussian_1x1v/wall_tend_0.3_points_300_neqn_
