
                            < M A T L A B (R) >
                  Copyright 1984-2017 The MathWorks, Inc.
                   R2017b (9.3.0.713579) 64-bit (glnxa64)
                             September 14, 2017

 
To get started, type one of these: helpwin, helpdesk, or demo.
For product information, visit www.mathworks.com.
 
time: neqn: 
    0.0292

     5

time: neqn: 
    0.0583

     5

time: neqn: 
    0.0875

     5

time: neqn: 
    0.1167

     5

time: neqn: 
    0.1458

     5

time: neqn: 
    0.1750

     5

time: neqn: 
    0.2042

     5

time: neqn: 
    0.2333

     5

time: neqn: 
    0.2625

     5

time: neqn: 
    0.2917

     5

515 time steps
CPU-times
 advection:           1.56s  100%
plotting:            0.00s    0%
CPU-times
 advection:           0.00s    0%
plotting: