
                            < M A T L A B (R) >
                  Copyright 1984-2017 The MathWorks, Inc.
                   R2017b (9.3.0.713579) 64-bit (glnxa64)
                             September 14, 2017

 
To get started, type one of these: helpwin, helpdesk, or demo.
For product information, visit www.mathworks.com.
 
time: neqn: 
    0.0143

    25

    50

time: neqn: 
    0.0287

    25

   100

time: neqn: 
    0.0430

    25

   150

time: neqn: 
    0.0574

    25

   200

time: neqn: 
    0.0717

    25

   250

time: neqn: 
    0.0860

    25

   300

time: neqn: 
    0.1004

    25

   350

time: neqn: 
    0.1147

    25

   400

time: neqn: 
    0.1290

    25

   450

time: neqn: 
    0.1434

    25

   500

time: neqn: 
    0.1577

    25

   550

time: neqn: 
    0.1721

    25

   600

time: neqn: 
    0.1864

    25

   650

time: neqn: 
    0.2007

    25

   700

time: neqn: 
    0.2151

    25

   750

time: neqn: 
    0.2294

    25

   800

time: neqn: 
    0.2438

    25

   850

time: neqn: 
    0.2581

    25

   900

time: neqn: 
    0.2724

    25

   950

time: neqn: 
    0.2868

    25

        1000

1047 time steps
CPU-times
 advection:          17.99s   51%
plotting:           17.23s   49%
CPU-times
 advection:           0.00s    0%
plotting: