
                            < M A T L A B (R) >
                  Copyright 1984-2018 The MathWorks, Inc.
                   R2018a (9.4.0.813654) 64-bit (glnxa64)
                             February 23, 2018

 
To get started, type one of these: helpwin, helpdesk, or demo.
For product information, visit www.mathworks.com.
 
time: neqn: step_count 
    0.0053

    70

    50

time: neqn: step_count 
    0.0107

    70

   100

time: neqn: step_count 
    0.0160

    70

   150

time: neqn: step_count 
    0.0213

    70

   200

time: neqn: step_count 
    0.0267

    70

   250

time: neqn: step_count 
    0.0320

    70

   300

time: neqn: step_count 
    0.0373

    70

   350

time: neqn: step_count 
    0.0426

    70

   400

time: neqn: step_count 
    0.0480

    70

   450

time: neqn: step_count 
    0.0533

    70

   500

time: neqn: step_count 
    0.0586

    70

   550

time: neqn: step_count 
    0.0640

    70

   600

time: neqn: step_count 
    0.0693

    70

   650

time: neqn: step_count 
    0.0746

    70

   700

time: neqn: step_count 
    0.0800

    70

   750

time: neqn: step_count 
    0.0853

    70

   800

time: neqn: step_count 
    0.0906

    70

   850

time: neqn: step_count 
    0.0959

    70

   900

time: neqn: step_count 
    0.1013

    70

   950

time: neqn: step_count 
    0.1066

    70

        1000

time: neqn: step_count 
    0.1119

    70

        1050

time: neqn: step_count 
    0.1173

    70

        1100

time: neqn: step_count 
    0.1226

    70

        1150

time: neqn: step_count 
    0.1279

    70

        1200

time: neqn: step_count 
    0.1333

    70

        1250

time: neqn: step_count 
    0.1386

    70

        1300

time: neqn: step_count 
    0.1439

    70

        1350

time: neqn: step_count 
    0.1492

    70

        1400

time: neqn: step_count 
    0.1546

    70

        1450

time: neqn: step_count 
    0.1599

    70

        1500

time: neqn: step_count 
    0.1652

    70

        1550

time: neqn: step_count 
    0.1706

    70

        1600

time: neqn: step_count 
    0.1759

    70

        1650

time: neqn: step_count 
    0.1812

    70

        1700

time: neqn: step_count 
    0.1866

    70

        1750

time: neqn: step_count 
    0.1919

    70

        1800

time: neqn: step_count 
    0.1972

    70

        1850

time: neqn: step_count 
    0.2025

    70

        1900

time: neqn: step_count 
    0.2079

    70

        1950

time: neqn: step_count 
    0.2132

    70

        2000

time: neqn: step_count 
    0.2185

    70

        2050

time: neqn: step_count 
    0.2239

    70

        2100

time: neqn: step_count 
    0.2292

    70

        2150

time: neqn: step_count 
    0.2345

    70

        2200

time: neqn: step_count 
    0.2399

    70

        2250

time: neqn: step_count 
    0.2452

    70

        2300

time: neqn: step_count 
    0.2505

    70

        2350

time: neqn: step_count 
    0.2558

    70

        2400

time: neqn: step_count 
    0.2612

    70

        2450

time: neqn: step_count 
    0.2665

    70

        2500

time: neqn: step_count 
    0.2718

    70

        2550

time: neqn: step_count 
    0.2772

    70

        2600

time: neqn: step_count 
    0.2825

    70

        2650

time: neqn: step_count 
    0.2878

    70

        2700

time: neqn: step_count 
    0.2932

    70

        2750

time: neqn: step_count 
    0.2985

    70

        2800

2815 time steps
CPU-times
 advection:         299.07s  100%
plotting:            0.01s    0%
CPU-times
 advection:           0.00s    0%
plotting:written to:
result_collision_gaussian_1x1v/wall_tend_0.3_points_300_neqn_
