
                            < M A T L A B (R) >
                  Copyright 1984-2018 The MathWorks, Inc.
                   R2018a (9.4.0.813654) 64-bit (glnxa64)
                             February 23, 2018

 
To get started, type one of these: helpwin, helpdesk, or demo.
For product information, visit www.mathworks.com.
 
time: neqn: step_count 
    0.0096

    25

    50

time: neqn: step_count 
    0.0191

    25

   100

time: neqn: step_count 
    0.0287

    25

   150

time: neqn: step_count 
    0.0382

    25

   200

time: neqn: step_count 
    0.0478

    25

   250

time: neqn: step_count 
    0.0574

    25

   300

time: neqn: step_count 
    0.0669

    25

   350

time: neqn: step_count 
    0.0765

    25

   400

time: neqn: step_count 
    0.0860

    25

   450

time: neqn: step_count 
    0.0956

    25

   500

time: neqn: step_count 
    0.1052

    25

   550

time: neqn: step_count 
    0.1147

    25

   600

time: neqn: step_count 
    0.1243

    25

   650

time: neqn: step_count 
    0.1338

    25

   700

time: neqn: step_count 
    0.1434

    25

   750

time: neqn: step_count 
    0.1529

    25

   800

time: neqn: step_count 
    0.1625

    25

   850

time: neqn: step_count 
    0.1721

    25

   900

time: neqn: step_count 
    0.1816

    25

   950

time: neqn: step_count 
    0.1912

    25

        1000

time: neqn: step_count 
    0.2007

    25

        1050

time: neqn: step_count 
    0.2103

    25

        1100

time: neqn: step_count 
    0.2199

    25

        1150

time: neqn: step_count 
    0.2294

    25

        1200

time: neqn: step_count 
    0.2390

    25

        1250

time: neqn: step_count 
    0.2485

    25

        1300

time: neqn: step_count 
    0.2581

    25

        1350

time: neqn: step_count 
    0.2677

    25

        1400

time: neqn: step_count 
    0.2772

    25

        1450

time: neqn: step_count 
    0.2868

    25

        1500

time: neqn: step_count 
    0.2963

    25

        1550

1570 time steps
CPU-times
 advection:          32.31s  100%
plotting:            0.00s    0%
CPU-times
 advection:           0.00s    0%
plotting:written to:
result_collision_gaussian_1x1v/wall_tend_0.3_points_300_neqn_
