
                            < M A T L A B (R) >
                  Copyright 1984-2018 The MathWorks, Inc.
                   R2018a (9.4.0.813654) 64-bit (glnxa64)
                             February 23, 2018

 
To get started, type one of these: helpwin, helpdesk, or demo.
For product information, visit www.mathworks.com.
 
time: neqn: step_count 
    0.0171

    10

    50

time: neqn: step_count 
    0.0343

    10

   100

time: neqn: step_count 
    0.0514

    10

   150

time: neqn: step_count 
    0.0686

    10

   200

time: neqn: step_count 
    0.0857

    10

   250

time: neqn: step_count 
    0.1029

    10

   300

time: neqn: step_count 
    0.1200

    10

   350

time: neqn: step_count 
    0.1372

    10

   400

time: neqn: step_count 
    0.1543

    10

   450

time: neqn: step_count 
    0.1715

    10

   500

time: neqn: step_count 
    0.1886

    10

   550

time: neqn: step_count 
    0.2058

    10

   600

time: neqn: step_count 
    0.2229

    10

   650

time: neqn: step_count 
    0.2401

    10

   700

time: neqn: step_count 
    0.2572

    10

   750

time: neqn: step_count 
    0.2744

    10

   800

time: neqn: step_count 
    0.2915

    10

   850

875 time steps
CPU-times
 advection:           5.89s  100%
plotting:            0.00s    0%
CPU-times
 advection:           0.00s    0%
plotting:written to:
result_collision_gaussian_1x1v/wall_tend_0.3_points_300_neqn_
