
                            < M A T L A B (R) >
                  Copyright 1984-2017 The MathWorks, Inc.
                   R2017b (9.3.0.713579) 64-bit (glnxa64)
                             September 14, 2017

 
To get started, type one of these: helpwin, helpdesk, or demo.
For product information, visit www.mathworks.com.
 
time: neqn: 
    0.0102

    45

    50

time: neqn: 
    0.0204

    45

   100

time: neqn: 
    0.0306

    45

   150

time: neqn: 
    0.0408

    45

   200

time: neqn: 
    0.0511

    45

   250

time: neqn: 
    0.0613

    45

   300

time: neqn: 
    0.0715

    45

   350

time: neqn: 
    0.0817

    45

   400

time: neqn: 
    0.0919

    45

   450

time: neqn: 
    0.1021

    45

   500

time: neqn: 
    0.1123

    45

   550

time: neqn: 
    0.1225

    45

   600

time: neqn: 
    0.1327

    45

   650

time: neqn: 
    0.1430

    45

   700

time: neqn: 
    0.1532

    45

   750

time: neqn: 
    0.1634

    45

   800

time: neqn: 
    0.1736

    45

   850

time: neqn: 
    0.1838

    45

   900

time: neqn: 
    0.1940

    45

   950

time: neqn: 
    0.2042

    45

        1000

time: neqn: 
    0.2144

    45

        1050

time: neqn: 
    0.2246

    45

        1100

time: neqn: 
    0.2349

    45

        1150

time: neqn: 
    0.2451

    45

        1200

time: neqn: 
    0.2553

    45

        1250

time: neqn: 
    0.2655

    45

        1300

time: neqn: 
    0.2757

    45

        1350

time: neqn: 
    0.2859

    45

        1400

time: neqn: 
    0.2961

    45

        1450

1469 time steps
CPU-times
 advection:          51.71s   73%
plotting:           19.25s   27%
CPU-times
 advection:           0.00s    0%
plotting: