
                            < M A T L A B (R) >
                  Copyright 1984-2018 The MathWorks, Inc.
                   R2018a (9.4.0.813654) 64-bit (glnxa64)
                             February 23, 2018

 
To get started, type one of these: helpwin, helpdesk, or demo.
For product information, visit www.mathworks.com.
 
time: neqn: step_count 
    0.0059

    58

    50

time: neqn: step_count 
    0.0118

    58

   100

time: neqn: step_count 
    0.0177

    58

   150

time: neqn: step_count 
    0.0236

    58

   200

time: neqn: step_count 
    0.0295

    58

   250

time: neqn: step_count 
    0.0355

    58

   300

time: neqn: step_count 
    0.0414

    58

   350

time: neqn: step_count 
    0.0473

    58

   400

time: neqn: step_count 
    0.0532

    58

   450

time: neqn: step_count 
    0.0591

    58

   500

time: neqn: step_count 
    0.0650

    58

   550

time: neqn: step_count 
    0.0709

    58

   600

time: neqn: step_count 
    0.0768

    58

   650

time: neqn: step_count 
    0.0827

    58

   700

time: neqn: step_count 
    0.0886

    58

   750

time: neqn: step_count 
    0.0946

    58

   800

time: neqn: step_count 
    0.1005

    58

   850

time: neqn: step_count 
    0.1064

    58

   900

time: neqn: step_count 
    0.1123

    58

   950

time: neqn: step_count 
    0.1182

    58

        1000

time: neqn: step_count 
    0.1241

    58

        1050

time: neqn: step_count 
    0.1300

    58

        1100

time: neqn: step_count 
    0.1359

    58

        1150

time: neqn: step_count 
    0.1418

    58

        1200

time: neqn: step_count 
    0.1477

    58

        1250

time: neqn: step_count 
    0.1537

    58

        1300

time: neqn: step_count 
    0.1596

    58

        1350

time: neqn: step_count 
    0.1655

    58

        1400

time: neqn: step_count 
    0.1714

    58

        1450

time: neqn: step_count 
    0.1773

    58

        1500

time: neqn: step_count 
    0.1832

    58

        1550

time: neqn: step_count 
    0.1891

    58

        1600

time: neqn: step_count 
    0.1950

    58

        1650

time: neqn: step_count 
    0.2009

    58

        1700

time: neqn: step_count 
    0.2068

    58

        1750

time: neqn: step_count 
    0.2128

    58

        1800

time: neqn: step_count 
    0.2187

    58

        1850

time: neqn: step_count 
    0.2246

    58

        1900

time: neqn: step_count 
    0.2305

    58

        1950

time: neqn: step_count 
    0.2364

    58

        2000

time: neqn: step_count 
    0.2423

    58

        2050

time: neqn: step_count 
    0.2482

    58

        2100

time: neqn: step_count 
    0.2541

    58

        2150

time: neqn: step_count 
    0.2600

    58

        2200

time: neqn: step_count 
    0.2659

    58

        2250

time: neqn: step_count 
    0.2718

    58

        2300

time: neqn: step_count 
    0.2778

    58

        2350

time: neqn: step_count 
    0.2837

    58

        2400

time: neqn: step_count 
    0.2896

    58

        2450

time: neqn: step_count 
    0.2955

    58

        2500

2539 time steps
CPU-times
 advection:         198.55s  100%
plotting:            0.01s    0%
CPU-times
 advection:           0.00s    0%
plotting:written to:
result_collision_gaussian_1x1v/wall_tend_0.3_points_300_neqn_
