
                            < M A T L A B (R) >
                  Copyright 1984-2018 The MathWorks, Inc.
                   R2018a (9.4.0.813654) 64-bit (glnxa64)
                             February 23, 2018

 
To get started, type one of these: helpwin, helpdesk, or demo.
For product information, visit www.mathworks.com.
 
time: neqn: step_count 
    0.0100

    23

    50

time: neqn: step_count 
    0.0201

    23

   100

time: neqn: step_count 
    0.0301

    23

   150

time: neqn: step_count 
    0.0402

    23

   200

time: neqn: step_count 
    0.0502

    23

   250

time: neqn: step_count 
    0.0603

    23

   300

time: neqn: step_count 
    0.0703

    23

   350

time: neqn: step_count 
    0.0804

    23

   400

time: neqn: step_count 
    0.0904

    23

   450

time: neqn: step_count 
    0.1005

    23

   500

time: neqn: step_count 
    0.1105

    23

   550

time: neqn: step_count 
    0.1206

    23

   600

time: neqn: step_count 
    0.1306

    23

   650

time: neqn: step_count 
    0.1407

    23

   700

time: neqn: step_count 
    0.1507

    23

   750

time: neqn: step_count 
    0.1608

    23

   800

time: neqn: step_count 
    0.1708

    23

   850

time: neqn: step_count 
    0.1809

    23

   900

time: neqn: step_count 
    0.1909

    23

   950

time: neqn: step_count 
    0.2010

    23

        1000

time: neqn: step_count 
    0.2110

    23

        1050

time: neqn: step_count 
    0.2211

    23

        1100

time: neqn: step_count 
    0.2311

    23

        1150

time: neqn: step_count 
    0.2412

    23

        1200

time: neqn: step_count 
    0.2512

    23

        1250

time: neqn: step_count 
    0.2613

    23

        1300

time: neqn: step_count 
    0.2713

    23

        1350

time: neqn: step_count 
    0.2813

    23

        1400

time: neqn: step_count 
    0.2914

    23

        1450

1493 time steps
CPU-times
 advection:          27.43s  100%
plotting:            0.00s    0%
CPU-times
 advection:           0.00s    0%
plotting:written to:
result_collision_gaussian_1x1v/wall_tend_0.3_points_300_neqn_
