
                            < M A T L A B (R) >
                  Copyright 1984-2017 The MathWorks, Inc.
                   R2017b (9.3.0.713579) 64-bit (glnxa64)
                             September 14, 2017

 
To get started, type one of these: helpwin, helpdesk, or demo.
For product information, visit www.mathworks.com.
 
time: neqn: 
    0.0438

     5

    50

time: neqn: 
    0.0875

     5

   100

time: neqn: 
    0.1313

     5

   150

time: neqn: 
    0.1750

     5

   200

time: neqn: 
    0.2188

     5

   250

time: neqn: 
    0.2625

     5

   300

343 time steps
CPU-times
 advection:           1.22s   12%
plotting:            8.70s   88%
CPU-times
 advection:           0.00s    0%
plotting: