
                            < M A T L A B (R) >
                  Copyright 1984-2017 The MathWorks, Inc.
                   R2017b (9.3.0.713579) 64-bit (glnxa64)
                             September 14, 2017

 
To get started, type one of these: helpwin, helpdesk, or demo.
For product information, visit www.mathworks.com.
 
time: neqn: 
    0.0376

     6

    50

time: neqn: 
    0.0752

     6

   100

time: neqn: 
    0.1128

     6

   150

time: neqn: 
    0.1504

     6

   200

time: neqn: 
    0.1880

     6

   250

time: neqn: 
    0.2256

     6

   300

time: neqn: 
    0.2632

     6

   350

399 time steps
CPU-times
 advection:           1.48s   15%
plotting:            8.36s   85%
CPU-times
 advection:           0.00s    0%
plotting: