
                            < M A T L A B (R) >
                  Copyright 1984-2017 The MathWorks, Inc.
                   R2017b (9.3.0.713579) 64-bit (glnxa64)
                             September 14, 2017

 
To get started, type one of these: helpwin, helpdesk, or demo.
For product information, visit www.mathworks.com.
 
time: neqn: 
    0.0196

    15

    50

time: neqn: 
    0.0393

    15

   100

time: neqn: 
    0.0589

    15

   150

time: neqn: 
    0.0786

    15

   200

time: neqn: 
    0.0982

    15

   250

time: neqn: 
    0.1179

    15

   300

time: neqn: 
    0.1375

    15

   350

time: neqn: 
    0.1571

    15

   400

time: neqn: 
    0.1768

    15

   450

time: neqn: 
    0.1964

    15

   500

time: neqn: 
    0.2161

    15

   550

time: neqn: 
    0.2357

    15

   600

time: neqn: 
    0.2553

    15

   650

time: neqn: 
    0.2750

    15

   700

time: neqn: 
    0.2946

    15

   750

764 time steps
CPU-times
 advection:           7.15s   34%
plotting:           13.65s   66%
CPU-times
 advection:           0.00s    0%
plotting: