
                            < M A T L A B (R) >
                  Copyright 1984-2018 The MathWorks, Inc.
                   R2018a (9.4.0.813654) 64-bit (glnxa64)
                             February 23, 2018

 
To get started, type one of these: helpwin, helpdesk, or demo.
For product information, visit www.mathworks.com.
 
time: neqn: step_count 
    0.0113

    19

    50

time: neqn: step_count 
    0.0226

    19

   100

time: neqn: step_count 
    0.0339

    19

   150

time: neqn: step_count 
    0.0452

    19

   200

time: neqn: step_count 
    0.0564

    19

   250

time: neqn: step_count 
    0.0677

    19

   300

time: neqn: step_count 
    0.0790

    19

   350

time: neqn: step_count 
    0.0903

    19

   400

time: neqn: step_count 
    0.1016

    19

   450

time: neqn: step_count 
    0.1129

    19

   500

time: neqn: step_count 
    0.1242

    19

   550

time: neqn: step_count 
    0.1355

    19

   600

time: neqn: step_count 
    0.1467

    19

   650

time: neqn: step_count 
    0.1580

    19

   700

time: neqn: step_count 
    0.1693

    19

   750

time: neqn: step_count 
    0.1806

    19

   800

time: neqn: step_count 
    0.1919

    19

   850

time: neqn: step_count 
    0.2032

    19

   900

time: neqn: step_count 
    0.2145

    19

   950

time: neqn: step_count 
    0.2258

    19

        1000

time: neqn: step_count 
    0.2370

    19

        1050

time: neqn: step_count 
    0.2483

    19

        1100

time: neqn: step_count 
    0.2596

    19

        1150

time: neqn: step_count 
    0.2709

    19

        1200

time: neqn: step_count 
    0.2822

    19

        1250

time: neqn: step_count 
    0.2935

    19

        1300

1329 time steps
CPU-times
 advection:          18.67s  100%
plotting:            0.00s    0%
CPU-times
 advection:           0.00s    0%
plotting:written to:
result_collision_gaussian_1x1v/wall_tend_0.3_points_300_neqn_
