
                            < M A T L A B (R) >
                  Copyright 1984-2017 The MathWorks, Inc.
                   R2017b (9.3.0.713579) 64-bit (glnxa64)
                             September 14, 2017

 
To get started, type one of these: helpwin, helpdesk, or demo.
For product information, visit www.mathworks.com.
 
time: neqn: 
    0.0185

     9

time: neqn: 
    0.0369

     9

time: neqn: 
    0.0554

     9

time: neqn: 
    0.0739

     9

time: neqn: 
    0.0923

     9

time: neqn: 
    0.1108

     9

time: neqn: 
    0.1293

     9

time: neqn: 
    0.1477

     9

time: neqn: 
    0.1662

     9

time: neqn: 
    0.1847

     9

time: neqn: 
    0.2031

     9

time: neqn: 
    0.2216

     9

time: neqn: 
    0.2401

     9

time: neqn: 
    0.2585

     9

time: neqn: 
    0.2770

     9

time: neqn: 
    0.2955

     9

813 time steps
CPU-times
 advection:           4.94s  100%
plotting:            0.00s    0%
CPU-times
 advection:           0.00s    0%
plotting: