
                            < M A T L A B (R) >
                  Copyright 1984-2018 The MathWorks, Inc.
                   R2018a (9.4.0.813654) 64-bit (glnxa64)
                             February 23, 2018

 
To get started, type one of these: helpwin, helpdesk, or demo.
For product information, visit www.mathworks.com.
 
time: neqn: step_count 
    0.0121

    17

    50

time: neqn: step_count 
    0.0242

    17

   100

time: neqn: step_count 
    0.0363

    17

   150

time: neqn: step_count 
    0.0484

    17

   200

time: neqn: step_count 
    0.0605

    17

   250

time: neqn: step_count 
    0.0726

    17

   300

time: neqn: step_count 
    0.0847

    17

   350

time: neqn: step_count 
    0.0968

    17

   400

time: neqn: step_count 
    0.1089

    17

   450

time: neqn: step_count 
    0.1210

    17

   500

time: neqn: step_count 
    0.1331

    17

   550

time: neqn: step_count 
    0.1452

    17

   600

time: neqn: step_count 
    0.1573

    17

   650

time: neqn: step_count 
    0.1693

    17

   700

time: neqn: step_count 
    0.1814

    17

   750

time: neqn: step_count 
    0.1935

    17

   800

time: neqn: step_count 
    0.2056

    17

   850

time: neqn: step_count 
    0.2177

    17

   900

time: neqn: step_count 
    0.2298

    17

   950

time: neqn: step_count 
    0.2419

    17

        1000

time: neqn: step_count 
    0.2540

    17

        1050

time: neqn: step_count 
    0.2661

    17

        1100

time: neqn: step_count 
    0.2782

    17

        1150

time: neqn: step_count 
    0.2903

    17

        1200

1241 time steps
CPU-times
 advection:          15.19s  100%
plotting:            0.00s    0%
CPU-times
 advection:           0.00s    0%
plotting:written to:
result_collision_gaussian_1x1v/wall_tend_0.3_points_300_neqn_
