
                            < M A T L A B (R) >
                  Copyright 1984-2017 The MathWorks, Inc.
                   R2017b (9.3.0.713579) 64-bit (glnxa64)
                             September 14, 2017

 
To get started, type one of these: helpwin, helpdesk, or demo.
For product information, visit www.mathworks.com.
 
time: neqn: 
    0.0088

    29

time: neqn: 
    0.0175

    29

time: neqn: 
    0.0263

    29

time: neqn: 
    0.0350

    29

time: neqn: 
    0.0438

    29

time: neqn: 
    0.0525

    29

time: neqn: 
    0.0613

    29

time: neqn: 
    0.0701

    29

time: neqn: 
    0.0788

    29

time: neqn: 
    0.0876

    29

time: neqn: 
    0.0963

    29

time: neqn: 
    0.1051

    29

time: neqn: 
    0.1138

    29

time: neqn: 
    0.1226

    29

time: neqn: 
    0.1314

    29

time: neqn: 
    0.1401

    29

time: neqn: 
    0.1489

    29

time: neqn: 
    0.1576

    29

time: neqn: 
    0.1664

    29

time: neqn: 
    0.1751

    29

time: neqn: 
    0.1839

    29

time: neqn: 
    0.1927

    29

time: neqn: 
    0.2014

    29

time: neqn: 
    0.2102

    29

time: neqn: 
    0.2189

    29

time: neqn: 
    0.2277

    29

time: neqn: 
    0.2364

    29

time: neqn: 
    0.2452

    29

time: neqn: 
    0.2540

    29

time: neqn: 
    0.2627

    29

time: neqn: 
    0.2715

    29

time: neqn: 
    0.2802

    29

time: neqn: 
    0.2890

    29

time: neqn: 
    0.2978

    29

1713 time steps
CPU-times
 advection:          43.28s  100%
plotting:            0.00s    0%
CPU-times
 advection:           0.00s    0%
plotting: