
                            < M A T L A B (R) >
                  Copyright 1984-2018 The MathWorks, Inc.
                   R2018a (9.4.0.813654) 64-bit (glnxa64)
                             February 23, 2018

 
To get started, type one of these: helpwin, helpdesk, or demo.
For product information, visit www.mathworks.com.
 
time: neqn: step_count 
    0.0054

    69

    50

time: neqn: step_count 
    0.0107

    69

   100

time: neqn: step_count 
    0.0161

    69

   150

time: neqn: step_count 
    0.0215

    69

   200

time: neqn: step_count 
    0.0269

    69

   250

time: neqn: step_count 
    0.0322

    69

   300

time: neqn: step_count 
    0.0376

    69

   350

time: neqn: step_count 
    0.0430

    69

   400

time: neqn: step_count 
    0.0483

    69

   450

time: neqn: step_count 
    0.0537

    69

   500

time: neqn: step_count 
    0.0591

    69

   550

time: neqn: step_count 
    0.0645

    69

   600

time: neqn: step_count 
    0.0698

    69

   650

time: neqn: step_count 
    0.0752

    69

   700

time: neqn: step_count 
    0.0806

    69

   750

time: neqn: step_count 
    0.0860

    69

   800

time: neqn: step_count 
    0.0913

    69

   850

time: neqn: step_count 
    0.0967

    69

   900

time: neqn: step_count 
    0.1021

    69

   950

time: neqn: step_count 
    0.1074

    69

        1000

time: neqn: step_count 
    0.1128

    69

        1050

time: neqn: step_count 
    0.1182

    69

        1100

time: neqn: step_count 
    0.1236

    69

        1150

time: neqn: step_count 
    0.1289

    69

        1200

time: neqn: step_count 
    0.1343

    69

        1250

time: neqn: step_count 
    0.1397

    69

        1300

time: neqn: step_count 
    0.1450

    69

        1350

time: neqn: step_count 
    0.1504

    69

        1400

time: neqn: step_count 
    0.1558

    69

        1450

time: neqn: step_count 
    0.1612

    69

        1500

time: neqn: step_count 
    0.1665

    69

        1550

time: neqn: step_count 
    0.1719

    69

        1600

time: neqn: step_count 
    0.1773

    69

        1650

time: neqn: step_count 
    0.1827

    69

        1700

time: neqn: step_count 
    0.1880

    69

        1750

time: neqn: step_count 
    0.1934

    69

        1800

time: neqn: step_count 
    0.1988

    69

        1850

time: neqn: step_count 
    0.2041

    69

        1900

time: neqn: step_count 
    0.2095

    69

        1950

time: neqn: step_count 
    0.2149

    69

        2000

time: neqn: step_count 
    0.2203

    69

        2050

time: neqn: step_count 
    0.2256

    69

        2100

time: neqn: step_count 
    0.2310

    69

        2150

time: neqn: step_count 
    0.2364

    69

        2200

time: neqn: step_count 
    0.2417

    69

        2250

time: neqn: step_count 
    0.2471

    69

        2300

time: neqn: step_count 
    0.2525

    69

        2350

time: neqn: step_count 
    0.2579

    69

        2400

time: neqn: step_count 
    0.2632

    69

        2450

time: neqn: step_count 
    0.2686

    69

        2500

time: neqn: step_count 
    0.2740

    69

        2550

time: neqn: step_count 
    0.2794

    69

        2600

time: neqn: step_count 
    0.2847

    69

        2650

time: neqn: step_count 
    0.2901

    69

        2700

time: neqn: step_count 
    0.2955

    69

        2750

2793 time steps
CPU-times
 advection:         286.64s  100%
plotting:            0.01s    0%
CPU-times
 advection:           0.00s    0%
plotting:written to:
result_collision_gaussian_1x1v/wall_tend_0.3_points_300_neqn_
