
                            < M A T L A B (R) >
                  Copyright 1984-2017 The MathWorks, Inc.
                   R2017b (9.3.0.713579) 64-bit (glnxa64)
                             September 14, 2017

 
To get started, type one of these: helpwin, helpdesk, or demo.
For product information, visit www.mathworks.com.
 
time: neqn: 
    0.0126

    16

time: neqn: 
    0.0251

    16

time: neqn: 
    0.0377

    16

time: neqn: 
    0.0503

    16

time: neqn: 
    0.0628

    16

time: neqn: 
    0.0754

    16

time: neqn: 
    0.0880

    16

time: neqn: 
    0.1005

    16

time: neqn: 
    0.1131

    16

time: neqn: 
    0.1257

    16

time: neqn: 
    0.1382

    16

time: neqn: 
    0.1508

    16

time: neqn: 
    0.1634

    16

time: neqn: 
    0.1759

    16

time: neqn: 
    0.1885

    16

time: neqn: 
    0.2011

    16

time: neqn: 
    0.2136

    16

time: neqn: 
    0.2262

    16

time: neqn: 
    0.2388

    16

time: neqn: 
    0.2513

    16

time: neqn: 
    0.2639

    16

time: neqn: 
    0.2765

    16

time: neqn: 
    0.2891

    16

1194 time steps
CPU-times
 advection:          13.30s  100%
plotting:            0.00s    0%
CPU-times
 advection:           0.00s    0%
plotting: