
                            < M A T L A B (R) >
                  Copyright 1984-2018 The MathWorks, Inc.
                   R2018a (9.4.0.813654) 64-bit (glnxa64)
                             February 23, 2018

 
To get started, type one of these: helpwin, helpdesk, or demo.
For product information, visit www.mathworks.com.
 
time: neqn: step_count 
    0.0063

    51

    50

time: neqn: step_count 
    0.0127

    51

   100

time: neqn: step_count 
    0.0190

    51

   150

time: neqn: step_count 
    0.0254

    51

   200

time: neqn: step_count 
    0.0317

    51

   250

time: neqn: step_count 
    0.0381

    51

   300

time: neqn: step_count 
    0.0444

    51

   350

time: neqn: step_count 
    0.0508

    51

   400

time: neqn: step_count 
    0.0571

    51

   450

time: neqn: step_count 
    0.0635

    51

   500

time: neqn: step_count 
    0.0698

    51

   550

time: neqn: step_count 
    0.0762

    51

   600

time: neqn: step_count 
    0.0825

    51

   650

time: neqn: step_count 
    0.0889

    51

   700

time: neqn: step_count 
    0.0952

    51

   750

time: neqn: step_count 
    0.1015

    51

   800

time: neqn: step_count 
    0.1079

    51

   850

time: neqn: step_count 
    0.1142

    51

   900

time: neqn: step_count 
    0.1206

    51

   950

time: neqn: step_count 
    0.1269

    51

        1000

time: neqn: step_count 
    0.1333

    51

        1050

time: neqn: step_count 
    0.1396

    51

        1100

time: neqn: step_count 
    0.1460

    51

        1150

time: neqn: step_count 
    0.1523

    51

        1200

time: neqn: step_count 
    0.1587

    51

        1250

time: neqn: step_count 
    0.1650

    51

        1300

time: neqn: step_count 
    0.1714

    51

        1350

time: neqn: step_count 
    0.1777

    51

        1400

time: neqn: step_count 
    0.1841

    51

        1450

time: neqn: step_count 
    0.1904

    51

        1500

time: neqn: step_count 
    0.1967

    51

        1550

time: neqn: step_count 
    0.2031

    51

        1600

time: neqn: step_count 
    0.2094

    51

        1650

time: neqn: step_count 
    0.2158

    51

        1700

time: neqn: step_count 
    0.2221

    51

        1750

time: neqn: step_count 
    0.2285

    51

        1800

time: neqn: step_count 
    0.2348

    51

        1850

time: neqn: step_count 
    0.2412

    51

        1900

time: neqn: step_count 
    0.2475

    51

        1950

time: neqn: step_count 
    0.2539

    51

        2000

time: neqn: step_count 
    0.2602

    51

        2050

time: neqn: step_count 
    0.2666

    51

        2100

time: neqn: step_count 
    0.2729

    51

        2150

time: neqn: step_count 
    0.2793

    51

        2200

time: neqn: step_count 
    0.2856

    51

        2250

time: neqn: step_count 
    0.2920

    51

        2300

time: neqn: step_count 
    0.2983

    51

        2350

2364 time steps
CPU-times
 advection:         148.78s  100%
plotting:            0.01s    0%
CPU-times
 advection:           0.00s    0%
plotting:written to:
result_collision_gaussian_1x1v/wall_tend_0.3_points_300_neqn_
