
                            < M A T L A B (R) >
                  Copyright 1984-2018 The MathWorks, Inc.
                   R2018a (9.4.0.813654) 64-bit (glnxa64)
                             February 23, 2018

 
To get started, type one of these: helpwin, helpdesk, or demo.
For product information, visit www.mathworks.com.
 
time: neqn: step_count 
    0.0057

    61

    50

time: neqn: step_count 
    0.0115

    61

   100

time: neqn: step_count 
    0.0172

    61

   150

time: neqn: step_count 
    0.0230

    61

   200

time: neqn: step_count 
    0.0287

    61

   250

time: neqn: step_count 
    0.0345

    61

   300

time: neqn: step_count 
    0.0402

    61

   350

time: neqn: step_count 
    0.0460

    61

   400

time: neqn: step_count 
    0.0517

    61

   450

time: neqn: step_count 
    0.0575

    61

   500

time: neqn: step_count 
    0.0632

    61

   550

time: neqn: step_count 
    0.0690

    61

   600

time: neqn: step_count 
    0.0747

    61

   650

time: neqn: step_count 
    0.0805

    61

   700

time: neqn: step_count 
    0.0862

    61

   750

time: neqn: step_count 
    0.0920

    61

   800

time: neqn: step_count 
    0.0977

    61

   850

time: neqn: step_count 
    0.1035

    61

   900

time: neqn: step_count 
    0.1092

    61

   950

time: neqn: step_count 
    0.1150

    61

        1000

time: neqn: step_count 
    0.1207

    61

        1050

time: neqn: step_count 
    0.1264

    61

        1100

time: neqn: step_count 
    0.1322

    61

        1150

time: neqn: step_count 
    0.1379

    61

        1200

time: neqn: step_count 
    0.1437

    61

        1250

time: neqn: step_count 
    0.1494

    61

        1300

time: neqn: step_count 
    0.1552

    61

        1350

time: neqn: step_count 
    0.1609

    61

        1400

time: neqn: step_count 
    0.1667

    61

        1450

time: neqn: step_count 
    0.1724

    61

        1500

time: neqn: step_count 
    0.1782

    61

        1550

time: neqn: step_count 
    0.1839

    61

        1600

time: neqn: step_count 
    0.1897

    61

        1650

time: neqn: step_count 
    0.1954

    61

        1700

time: neqn: step_count 
    0.2012

    61

        1750

time: neqn: step_count 
    0.2069

    61

        1800

time: neqn: step_count 
    0.2127

    61

        1850

time: neqn: step_count 
    0.2184

    61

        1900

time: neqn: step_count 
    0.2242

    61

        1950

time: neqn: step_count 
    0.2299

    61

        2000

time: neqn: step_count 
    0.2357

    61

        2050

time: neqn: step_count 
    0.2414

    61

        2100

time: neqn: step_count 
    0.2472

    61

        2150

time: neqn: step_count 
    0.2529

    61

        2200

time: neqn: step_count 
    0.2586

    61

        2250

time: neqn: step_count 
    0.2644

    61

        2300

time: neqn: step_count 
    0.2701

    61

        2350

time: neqn: step_count 
    0.2759

    61

        2400

time: neqn: step_count 
    0.2816

    61

        2450

time: neqn: step_count 
    0.2874

    61

        2500

time: neqn: step_count 
    0.2931

    61

        2550

time: neqn: step_count 
    0.2989

    61

        2600

2610 time steps
CPU-times
 advection:         213.33s  100%
plotting:            0.00s    0%
CPU-times
 advection:           0.00s    0%
plotting:written to:
result_collision_gaussian_1x1v/wall_tend_0.3_points_300_neqn_
