
                            < M A T L A B (R) >
                  Copyright 1984-2018 The MathWorks, Inc.
                   R2018a (9.4.0.813654) 64-bit (glnxa64)
                             February 23, 2018

 
To get started, type one of these: helpwin, helpdesk, or demo.
For product information, visit www.mathworks.com.
 
time: neqn: step_count 
    0.0117

    18

    50

time: neqn: step_count 
    0.0233

    18

   100

time: neqn: step_count 
    0.0350

    18

   150

time: neqn: step_count 
    0.0467

    18

   200

time: neqn: step_count 
    0.0584

    18

   250

time: neqn: step_count 
    0.0700

    18

   300

time: neqn: step_count 
    0.0817

    18

   350

time: neqn: step_count 
    0.0934

    18

   400

time: neqn: step_count 
    0.1050

    18

   450

time: neqn: step_count 
    0.1167

    18

   500

time: neqn: step_count 
    0.1284

    18

   550

time: neqn: step_count 
    0.1401

    18

   600

time: neqn: step_count 
    0.1517

    18

   650

time: neqn: step_count 
    0.1634

    18

   700

time: neqn: step_count 
    0.1751

    18

   750

time: neqn: step_count 
    0.1868

    18

   800

time: neqn: step_count 
    0.1984

    18

   850

time: neqn: step_count 
    0.2101

    18

   900

time: neqn: step_count 
    0.2218

    18

   950

time: neqn: step_count 
    0.2334

    18

        1000

time: neqn: step_count 
    0.2451

    18

        1050

time: neqn: step_count 
    0.2568

    18

        1100

time: neqn: step_count 
    0.2685

    18

        1150

time: neqn: step_count 
    0.2801

    18

        1200

time: neqn: step_count 
    0.2918

    18

        1250

1286 time steps
CPU-times
 advection:          16.92s  100%
plotting:            0.00s    0%
CPU-times
 advection:           0.00s    0%
plotting:written to:
result_collision_gaussian_1x1v/wall_tend_0.3_points_300_neqn_
