
                            < M A T L A B (R) >
                  Copyright 1984-2017 The MathWorks, Inc.
                   R2017b (9.3.0.713579) 64-bit (glnxa64)
                             September 14, 2017

 
To get started, type one of these: helpwin, helpdesk, or demo.
For product information, visit www.mathworks.com.
 
time: neqn: 
    0.0137

    14

time: neqn: 
    0.0274

    14

time: neqn: 
    0.0411

    14

time: neqn: 
    0.0548

    14

time: neqn: 
    0.0684

    14

time: neqn: 
    0.0821

    14

time: neqn: 
    0.0958

    14

time: neqn: 
    0.1095

    14

time: neqn: 
    0.1232

    14

time: neqn: 
    0.1369

    14

time: neqn: 
    0.1506

    14

time: neqn: 
    0.1643

    14

time: neqn: 
    0.1780

    14

time: neqn: 
    0.1917

    14

time: neqn: 
    0.2053

    14

time: neqn: 
    0.2190

    14

time: neqn: 
    0.2327

    14

time: neqn: 
    0.2464

    14

time: neqn: 
    0.2601

    14

time: neqn: 
    0.2738

    14

time: neqn: 
    0.2875

    14

1096 time steps
CPU-times
 advection:          10.23s  100%
plotting:            0.00s    0%
CPU-times
 advection:           0.00s    0%
plotting: