
                            < M A T L A B (R) >
                  Copyright 1984-2017 The MathWorks, Inc.
                   R2017b (9.3.0.713579) 64-bit (glnxa64)
                             September 14, 2017

 
To get started, type one of these: helpwin, helpdesk, or demo.
For product information, visit www.mathworks.com.
 
time: neqn: 
    0.0117

    18

time: neqn: 
    0.0233

    18

time: neqn: 
    0.0350

    18

time: neqn: 
    0.0467

    18

time: neqn: 
    0.0584

    18

time: neqn: 
    0.0700

    18

time: neqn: 
    0.0817

    18

time: neqn: 
    0.0934

    18

time: neqn: 
    0.1050

    18

time: neqn: 
    0.1167

    18

time: neqn: 
    0.1284

    18

time: neqn: 
    0.1401

    18

time: neqn: 
    0.1517

    18

time: neqn: 
    0.1634

    18

time: neqn: 
    0.1751

    18

time: neqn: 
    0.1868

    18

time: neqn: 
    0.1984

    18

time: neqn: 
    0.2101

    18

time: neqn: 
    0.2218

    18

time: neqn: 
    0.2334

    18

time: neqn: 
    0.2451

    18

time: neqn: 
    0.2568

    18

time: neqn: 
    0.2685

    18

time: neqn: 
    0.2801

    18

time: neqn: 
    0.2918

    18

1286 time steps
CPU-times
 advection:          18.46s  100%
plotting:            0.00s    0%
CPU-times
 advection:           0.00s    0%
plotting: