
                            < M A T L A B (R) >
                  Copyright 1984-2017 The MathWorks, Inc.
                   R2017b (9.3.0.713579) 64-bit (glnxa64)
                             September 14, 2017

 
To get started, type one of these: helpwin, helpdesk, or demo.
For product information, visit www.mathworks.com.
 
time: neqn: 
    0.0116

    36

    50

time: neqn: 
    0.0232

    36

   100

time: neqn: 
    0.0348

    36

   150

time: neqn: 
    0.0464

    36

   200

time: neqn: 
    0.0579

    36

   250

time: neqn: 
    0.0695

    36

   300

time: neqn: 
    0.0811

    36

   350

time: neqn: 
    0.0927

    36

   400

time: neqn: 
    0.1043

    36

   450

time: neqn: 
    0.1159

    36

   500

time: neqn: 
    0.1275

    36

   550

time: neqn: 
    0.1391

    36

   600

time: neqn: 
    0.1507

    36

   650

time: neqn: 
    0.1623

    36

   700

time: neqn: 
    0.1738

    36

   750

time: neqn: 
    0.1854

    36

   800

time: neqn: 
    0.1970

    36

   850

time: neqn: 
    0.2086

    36

   900

time: neqn: 
    0.2202

    36

   950

time: neqn: 
    0.2318

    36

        1000

time: neqn: 
    0.2434

    36

        1050

time: neqn: 
    0.2550

    36

        1100

time: neqn: 
    0.2666

    36

        1150

time: neqn: 
    0.2782

    36

        1200

time: neqn: 
    0.2897

    36

        1250

1295 time steps
CPU-times
 advection:          33.39s   68%
plotting:           15.51s   32%
CPU-times
 advection:           0.00s    0%
plotting: