
                            < M A T L A B (R) >
                  Copyright 1984-2017 The MathWorks, Inc.
                   R2017b (9.3.0.713579) 64-bit (glnxa64)
                             September 14, 2017

 
To get started, type one of these: helpwin, helpdesk, or demo.
For product information, visit www.mathworks.com.
 
time: neqn: 
    0.0140

    26

    50

time: neqn: 
    0.0280

    26

   100

time: neqn: 
    0.0420

    26

   150

time: neqn: 
    0.0560

    26

   200

time: neqn: 
    0.0700

    26

   250

time: neqn: 
    0.0841

    26

   300

time: neqn: 
    0.0981

    26

   350

time: neqn: 
    0.1121

    26

   400

time: neqn: 
    0.1261

    26

   450

time: neqn: 
    0.1401

    26

   500

time: neqn: 
    0.1541

    26

   550

time: neqn: 
    0.1681

    26

   600

time: neqn: 
    0.1821

    26

   650

time: neqn: 
    0.1961

    26

   700

time: neqn: 
    0.2101

    26

   750

time: neqn: 
    0.2241

    26

   800

time: neqn: 
    0.2381

    26

   850

time: neqn: 
    0.2522

    26

   900

time: neqn: 
    0.2662

    26

   950

time: neqn: 
    0.2802

    26

        1000

time: neqn: 
    0.2942

    26

        1050

1071 time steps
CPU-times
 advection:          18.84s   55%
plotting:           15.48s   45%
CPU-times
 advection:           0.00s    0%
plotting: