
                            < M A T L A B (R) >
                  Copyright 1984-2017 The MathWorks, Inc.
                   R2017b (9.3.0.713579) 64-bit (glnxa64)
                             September 14, 2017

 
To get started, type one of these: helpwin, helpdesk, or demo.
For product information, visit www.mathworks.com.
 
time: neqn: 
    0.1003

        1600

    50

time: neqn: 
    0.2007

        1600

   100

time: neqn: 
    0.3010

        1600

   150

time: neqn: 
    0.4014

        1600

   200

time: neqn: 
    0.5000

        1600

   250

250 time steps
CPU-times
 advection:        3730.73s  100%
plotting:            0.00s    0%
CPU-times
 advection:           0.00s    0%
plotting: