
                            < M A T L A B (R) >
                  Copyright 1984-2018 The MathWorks, Inc.
                   R2018a (9.4.0.813654) 64-bit (glnxa64)
                             February 23, 2018

 
To get started, type one of these: helpwin, helpdesk, or demo.
For product information, visit www.mathworks.com.
 
time: neqn: step_count 
    0.0201

     8

    50

time: neqn: step_count 
    0.0402

     8

   100

time: neqn: step_count 
    0.0603

     8

   150

time: neqn: step_count 
    0.0804

     8

   200

time: neqn: step_count 
    0.1005

     8

   250

time: neqn: step_count 
    0.1206

     8

   300

time: neqn: step_count 
    0.1407

     8

   350

time: neqn: step_count 
    0.1609

     8

   400

time: neqn: step_count 
    0.1810

     8

   450

time: neqn: step_count 
    0.2011

     8

   500

time: neqn: step_count 
    0.2212

     8

   550

time: neqn: step_count 
    0.2413

     8

   600

time: neqn: step_count 
    0.2614

     8

   650

time: neqn: step_count 
    0.2815

     8

   700

747 time steps
CPU-times
 advection:           3.90s  100%
plotting:            0.00s    0%
CPU-times
 advection:           0.00s    0%
plotting:written to:
result_collision_gaussian_1x1v/wall_tend_0.3_points_300_neqn_
