
                            < M A T L A B (R) >
                  Copyright 1984-2018 The MathWorks, Inc.
                   R2018a (9.4.0.813654) 64-bit (glnxa64)
                             February 23, 2018

 
To get started, type one of these: helpwin, helpdesk, or demo.
For product information, visit www.mathworks.com.
 
time: neqn: step_count 
    0.0161

    11

    50

time: neqn: step_count 
    0.0321

    11

   100

time: neqn: step_count 
    0.0482

    11

   150

time: neqn: step_count 
    0.0643

    11

   200

time: neqn: step_count 
    0.0803

    11

   250

time: neqn: step_count 
    0.0964

    11

   300

time: neqn: step_count 
    0.1124

    11

   350

time: neqn: step_count 
    0.1285

    11

   400

time: neqn: step_count 
    0.1446

    11

   450

time: neqn: step_count 
    0.1606

    11

   500

time: neqn: step_count 
    0.1767

    11

   550

time: neqn: step_count 
    0.1928

    11

   600

time: neqn: step_count 
    0.2088

    11

   650

time: neqn: step_count 
    0.2249

    11

   700

time: neqn: step_count 
    0.2409

    11

   750

time: neqn: step_count 
    0.2570

    11

   800

time: neqn: step_count 
    0.2731

    11

   850

time: neqn: step_count 
    0.2891

    11

   900

934 time steps
CPU-times
 advection:           6.78s  100%
plotting:            0.00s    0%
CPU-times
 advection:           0.00s    0%
plotting:written to:
result_collision_gaussian_1x1v/wall_tend_0.3_points_300_neqn_
