
                            < M A T L A B (R) >
                  Copyright 1984-2017 The MathWorks, Inc.
                   R2017b (9.3.0.713579) 64-bit (glnxa64)
                             September 14, 2017

 
To get started, type one of these: helpwin, helpdesk, or demo.
For product information, visit www.mathworks.com.
 
time: neqn: 
    0.0171

    10

time: neqn: 
    0.0343

    10

time: neqn: 
    0.0514

    10

time: neqn: 
    0.0686

    10

time: neqn: 
    0.0857

    10

time: neqn: 
    0.1029

    10

time: neqn: 
    0.1200

    10

time: neqn: 
    0.1372

    10

time: neqn: 
    0.1543

    10

time: neqn: 
    0.1715

    10

time: neqn: 
    0.1886

    10

time: neqn: 
    0.2058

    10

time: neqn: 
    0.2229

    10

time: neqn: 
    0.2401

    10

time: neqn: 
    0.2572

    10

time: neqn: 
    0.2744

    10

time: neqn: 
    0.2915

    10

875 time steps
CPU-times
 advection:           5.33s  100%
plotting:            0.00s    0%
CPU-times
 advection:           0.00s    0%
plotting: