
                            < M A T L A B (R) >
                  Copyright 1984-2017 The MathWorks, Inc.
                   R2017b (9.3.0.713579) 64-bit (glnxa64)
                             September 14, 2017

 
To get started, type one of these: helpwin, helpdesk, or demo.
For product information, visit www.mathworks.com.
 
time: neqn: 
    0.0096

    25

time: neqn: 
    0.0191

    25

time: neqn: 
    0.0287

    25

time: neqn: 
    0.0382

    25

time: neqn: 
    0.0478

    25

time: neqn: 
    0.0574

    25

time: neqn: 
    0.0669

    25

time: neqn: 
    0.0765

    25

time: neqn: 
    0.0860

    25

time: neqn: 
    0.0956

    25

time: neqn: 
    0.1052

    25

time: neqn: 
    0.1147

    25

time: neqn: 
    0.1243

    25

time: neqn: 
    0.1338

    25

time: neqn: 
    0.1434

    25

time: neqn: 
    0.1529

    25

time: neqn: 
    0.1625

    25

time: neqn: 
    0.1721

    25

time: neqn: 
    0.1816

    25

time: neqn: 
    0.1912

    25

time: neqn: 
    0.2007

    25

time: neqn: 
    0.2103

    25

time: neqn: 
    0.2199

    25

time: neqn: 
    0.2294

    25

time: neqn: 
    0.2390

    25

time: neqn: 
    0.2485

    25

time: neqn: 
    0.2581

    25

time: neqn: 
    0.2677

    25

time: neqn: 
    0.2772

    25

time: neqn: 
    0.2868

    25

time: neqn: 
    0.2963

    25

1570 time steps
CPU-times
 advection:          31.01s  100%
plotting:            0.00s    0%
CPU-times
 advection:           0.00s    0%
plotting: