
                            < M A T L A B (R) >
                  Copyright 1984-2017 The MathWorks, Inc.
                   R2017b (9.3.0.713579) 64-bit (glnxa64)
                             September 14, 2017

 
To get started, type one of these: helpwin, helpdesk, or demo.
For product information, visit www.mathworks.com.
 
time: neqn: 
    0.0100

    23

time: neqn: 
    0.0201

    23

time: neqn: 
    0.0301

    23

time: neqn: 
    0.0402

    23

time: neqn: 
    0.0502

    23

time: neqn: 
    0.0603

    23

time: neqn: 
    0.0703

    23

time: neqn: 
    0.0804

    23

time: neqn: 
    0.0904

    23

time: neqn: 
    0.1005

    23

time: neqn: 
    0.1105

    23

time: neqn: 
    0.1206

    23

time: neqn: 
    0.1306

    23

time: neqn: 
    0.1407

    23

time: neqn: 
    0.1507

    23

time: neqn: 
    0.1608

    23

time: neqn: 
    0.1708

    23

time: neqn: 
    0.1809

    23

time: neqn: 
    0.1909

    23

time: neqn: 
    0.2010

    23

time: neqn: 
    0.2110

    23

time: neqn: 
    0.2211

    23

time: neqn: 
    0.2311

    23

time: neqn: 
    0.2412

    23

time: neqn: 
    0.2512

    23

time: neqn: 
    0.2613

    23

time: neqn: 
    0.2713

    23

time: neqn: 
    0.2813

    23

time: neqn: 
    0.2914

    23

1493 time steps
CPU-times
 advection:          26.22s  100%
plotting:            0.00s    0%
CPU-times
 advection:           0.00s    0%
plotting: