
                            < M A T L A B (R) >
                  Copyright 1984-2017 The MathWorks, Inc.
                   R2017b (9.3.0.713579) 64-bit (glnxa64)
                             September 14, 2017

 
To get started, type one of these: helpwin, helpdesk, or demo.
For product information, visit www.mathworks.com.
 
time: neqn: 
    0.0098

    24

time: neqn: 
    0.0196

    24

time: neqn: 
    0.0294

    24

time: neqn: 
    0.0392

    24

time: neqn: 
    0.0490

    24

time: neqn: 
    0.0588

    24

time: neqn: 
    0.0686

    24

time: neqn: 
    0.0784

    24

time: neqn: 
    0.0882

    24

time: neqn: 
    0.0979

    24

time: neqn: 
    0.1077

    24

time: neqn: 
    0.1175

    24

time: neqn: 
    0.1273

    24

time: neqn: 
    0.1371

    24

time: neqn: 
    0.1469

    24

time: neqn: 
    0.1567

    24

time: neqn: 
    0.1665

    24

time: neqn: 
    0.1763

    24

time: neqn: 
    0.1861

    24

time: neqn: 
    0.1959

    24

time: neqn: 
    0.2057

    24

time: neqn: 
    0.2155

    24

time: neqn: 
    0.2253

    24

time: neqn: 
    0.2351

    24

time: neqn: 
    0.2449

    24

time: neqn: 
    0.2547

    24

time: neqn: 
    0.2645

    24

time: neqn: 
    0.2743

    24

time: neqn: 
    0.2841

    24

time: neqn: 
    0.2938

    24

1532 time steps
CPU-times
 advection:          29.12s  100%
plotting:            0.00s    0%
CPU-times
 advection:           0.00s    0%
plotting: