
                            < M A T L A B (R) >
                  Copyright 1984-2017 The MathWorks, Inc.
                   R2017b (9.3.0.713579) 64-bit (glnxa64)
                             September 14, 2017

 
To get started, type one of these: helpwin, helpdesk, or demo.
For product information, visit www.mathworks.com.
 
time: neqn: 
    0.0151

    12

time: neqn: 
    0.0303

    12

time: neqn: 
    0.0454

    12

time: neqn: 
    0.0606

    12

time: neqn: 
    0.0757

    12

time: neqn: 
    0.0909

    12

time: neqn: 
    0.1060

    12

time: neqn: 
    0.1212

    12

time: neqn: 
    0.1363

    12

time: neqn: 
    0.1515

    12

time: neqn: 
    0.1666

    12

time: neqn: 
    0.1818

    12

time: neqn: 
    0.1969

    12

time: neqn: 
    0.2121

    12

time: neqn: 
    0.2272

    12

time: neqn: 
    0.2424

    12

time: neqn: 
    0.2575

    12

time: neqn: 
    0.2727

    12

time: neqn: 
    0.2878

    12

991 time steps
CPU-times
 advection:           7.43s  100%
plotting:            0.00s    0%
CPU-times
 advection:           0.00s    0%
plotting: