
                            < M A T L A B (R) >
                  Copyright 1984-2017 The MathWorks, Inc.
                   R2017b (9.3.0.713579) 64-bit (glnxa64)
                             September 14, 2017

 
To get started, type one of these: helpwin, helpdesk, or demo.
For product information, visit www.mathworks.com.
 
time: neqn: 
    0.0015

   200

    50

time: neqn: 
    0.0030

   200

   100

time: neqn: 
    0.0046

   200

   150

time: neqn: 
    0.0061

   200

   200

time: neqn: 
    0.0076

   200

   250

time: neqn: 
    0.0091

   200

   300

time: neqn: 
    0.0107

   200

   350

time: neqn: 
    0.0122

   200

   400

time: neqn: 
    0.0137

   200

   450

time: neqn: 
    0.0152

   200

   500

time: neqn: 
    0.0168

   200

   550

time: neqn: 
    0.0183

   200

   600

time: neqn: 
    0.0198

   200

   650

time: neqn: 
    0.0213

   200

   700

time: neqn: 
    0.0229

   200

   750

time: neqn: 
    0.0244

   200

   800

time: neqn: 
    0.0259

   200

   850

time: neqn: 
    0.0274

   200

   900

time: neqn: 
    0.0289

   200

   950

time: neqn: 
    0.0305

   200

        1000

time: neqn: 
    0.0320

   200

        1050

time: neqn: 
    0.0335

   200

        1100

time: neqn: 
    0.0350

   200

        1150

time: neqn: 
    0.0366

   200

        1200

time: neqn: 
    0.0381

   200

        1250

time: neqn: 
    0.0396

   200

        1300

time: neqn: 
    0.0411

   200

        1350

time: neqn: 
    0.0427

   200

        1400

time: neqn: 
    0.0442

   200

        1450

time: neqn: 
    0.0457

   200

        1500

time: neqn: 
    0.0472

   200

        1550

time: neqn: 
    0.0488

   200

        1600

time: neqn: 
    0.0503

   200

        1650

time: neqn: 
    0.0518

   200

        1700

time: neqn: 
    0.0533

   200

        1750

time: neqn: 
    0.0548

   200

        1800

time: neqn: 
    0.0564

   200

        1850

time: neqn: 
    0.0579

   200

        1900

time: neqn: 
    0.0594

   200

        1950

time: neqn: 
    0.0609

   200

        2000

time: neqn: 
    0.0625

   200

        2050

time: neqn: 
    0.0640

   200

        2100

time: neqn: 
    0.0655

   200

        2150

time: neqn: 
    0.0670

   200

        2200

time: neqn: 
    0.0686

   200

        2250

time: neqn: 
    0.0701

   200

        2300

time: neqn: 
    0.0716

   200

        2350

time: neqn: 
    0.0731

   200

        2400

time: neqn: 
    0.0747

   200

        2450

time: neqn: 
    0.0762

   200

        2500

time: neqn: 
    0.0777

   200

        2550

time: neqn: 
    0.0792

   200

        2600

time: neqn: 
    0.0807

   200

        2650

time: neqn: 
    0.0823

   200

        2700

time: neqn: 
    0.0838

   200

        2750

time: neqn: 
    0.0853

   200

        2800

time: neqn: 
    0.0868

   200

        2850

time: neqn: 
    0.0884

   200

        2900

time: neqn: 
    0.0899

   200

        2950

time: neqn: 
    0.0914

   200

        3000

time: neqn: 
    0.0929

   200

        3050

time: neqn: 
    0.0945

   200

        3100

time: neqn: 
    0.0960

   200

        3150

time: neqn: 
    0.0975

   200

        3200

time: neqn: 
    0.0990

   200

        3250

time: neqn: 
    0.1005

   200

        3300

time: neqn: 
    0.1021

   200

        3350

time: neqn: 
    0.1036

   200

        3400

time: neqn: 
    0.1051

   200

        3450

time: neqn: 
    0.1066

   200

        3500

time: neqn: 
    0.1082

   200

        3550

time: neqn: 
    0.1097

   200

        3600

time: neqn: 
    0.1112

   200

        3650

time: neqn: 
    0.1127

   200

        3700

time: neqn: 
    0.1143

   200

        3750

time: neqn: 
    0.1158

   200

        3800

time: neqn: 
    0.1173

   200

        3850

time: neqn: 
    0.1188

   200

        3900

time: neqn: 
    0.1204

   200

        3950

time: neqn: 
    0.1219

   200

        4000

time: neqn: 
    0.1234

   200

        4050

time: neqn: 
    0.1249

   200

        4100

time: neqn: 
    0.1264

   200

        4150

time: neqn: 
    0.1280

   200

        4200

time: neqn: 
    0.1295

   200

        4250

time: neqn: 
    0.1310

   200

        4300

time: neqn: 
    0.1325

   200

        4350

time: neqn: 
    0.1341

   200

        4400

time: neqn: 
    0.1356

   200

        4450

time: neqn: 
    0.1371

   200

        4500

time: neqn: 
    0.1386

   200

        4550

time: neqn: 
    0.1402

   200

        4600

time: neqn: 
    0.1417

   200

        4650

time: neqn: 
    0.1432

   200

        4700

time: neqn: 
    0.1447

   200

        4750

time: neqn: 
    0.1463

   200

        4800

time: neqn: 
    0.1478

   200

        4850

time: neqn: 
    0.1493

   200

        4900

time: neqn: 
    0.1508

   200

        4950

time: neqn: 
    0.1523

   200

        5000

time: neqn: 
    0.1539

   200

        5050

time: neqn: 
    0.1554

   200

        5100

time: neqn: 
    0.1569

   200

        5150

time: neqn: 
    0.1584

   200

        5200

time: neqn: 
    0.1600

   200

        5250

time: neqn: 
    0.1615

   200

        5300

time: neqn: 
    0.1630

   200

        5350

time: neqn: 
    0.1645

   200

        5400

time: neqn: 
    0.1661

   200

        5450

time: neqn: 
    0.1676

   200

        5500

time: neqn: 
    0.1691

   200

        5550

time: neqn: 
    0.1706

   200

        5600

time: neqn: 
    0.1722

   200

        5650

time: neqn: 
    0.1737

   200

        5700

time: neqn: 
    0.1752

   200

        5750

time: neqn: 
    0.1767

   200

        5800

time: neqn: 
    0.1782

   200

        5850

time: neqn: 
    0.1798

   200

        5900

time: neqn: 
    0.1813

   200

        5950

time: neqn: 
    0.1828

   200

        6000

time: neqn: 
    0.1843

   200

        6050

time: neqn: 
    0.1859

   200

        6100

time: neqn: 
    0.1874

   200

        6150

time: neqn: 
    0.1889

   200

        6200

time: neqn: 
    0.1904

   200

        6250

time: neqn: 
    0.1920

   200

        6300

time: neqn: 
    0.1935

   200

        6350

time: neqn: 
    0.1950

   200

        6400

time: neqn: 
    0.1965

   200

        6450

time: neqn: 
    0.1981

   200

        6500

time: neqn: 
    0.1996

   200

        6550

time: neqn: 
    0.2011

   200

        6600

time: neqn: 
    0.2026

   200

        6650

time: neqn: 
    0.2041

   200

        6700

time: neqn: 
    0.2057

   200

        6750

time: neqn: 
    0.2072

   200

        6800

time: neqn: 
    0.2087

   200

        6850

time: neqn: 
    0.2102

   200

        6900

time: neqn: 
    0.2118

   200

        6950

time: neqn: 
    0.2133

   200

        7000

time: neqn: 
    0.2148

   200

        7050

time: neqn: 
    0.2163

   200

        7100

time: neqn: 
    0.2179

   200

        7150

time: neqn: 
    0.2194

   200

        7200

time: neqn: 
    0.2209

   200

        7250

time: neqn: 
    0.2224

   200

        7300

time: neqn: 
    0.2240

   200

        7350

time: neqn: 
    0.2255

   200

        7400

time: neqn: 
    0.2270

   200

        7450

time: neqn: 
    0.2285

   200

        7500

time: neqn: 
    0.2300

   200

        7550

time: neqn: 
    0.2316

   200

        7600

time: neqn: 
    0.2331

   200

        7650

time: neqn: 
    0.2346

   200

        7700

time: neqn: 
    0.2361

   200

        7750

time: neqn: 
    0.2377

   200

        7800

time: neqn: 
    0.2392

   200

        7850

time: neqn: 
    0.2407

   200

        7900

time: neqn: 
    0.2422

   200

        7950

time: neqn: 
    0.2438

   200

        8000

time: neqn: 
    0.2453

   200

        8050

time: neqn: 
    0.2468

   200

        8100

time: neqn: 
    0.2483

   200

        8150

time: neqn: 
    0.2498

   200

        8200

time: neqn: 
    0.2514

   200

        8250

time: neqn: 
    0.2529

   200

        8300

time: neqn: 
    0.2544

   200

        8350

time: neqn: 
    0.2559

   200

        8400

time: neqn: 
    0.2575

   200

        8450

time: neqn: 
    0.2590

   200

        8500

time: neqn: 
    0.2605

   200

        8550

time: neqn: 
    0.2620

   200

        8600

time: neqn: 
    0.2636

   200

        8650

time: neqn: 
    0.2651

   200

        8700

time: neqn: 
    0.2666

   200

        8750

time: neqn: 
    0.2681

   200

        8800

time: neqn: 
    0.2697

   200

        8850

time: neqn: 
    0.2712

   200

        8900

time: neqn: 
    0.2727

   200

        8950

time: neqn: 
    0.2742

   200

        9000

time: neqn: 
    0.2757

   200

        9050

time: neqn: 
    0.2773

   200

        9100

time: neqn: 
    0.2788

   200

        9150

time: neqn: 
    0.2803

   200

        9200

time: neqn: 
    0.2818

   200

        9250

time: neqn: 
    0.2834

   200

        9300

time: neqn: 
    0.2849

   200

        9350

time: neqn: 
    0.2864

   200

        9400

time: neqn: 
    0.2879

   200

        9450

time: neqn: 
    0.2895

   200

        9500

time: neqn: 
    0.2910

   200

        9550

time: neqn: 
    0.2925

   200

        9600

time: neqn: 
    0.2940

   200

        9650

time: neqn: 
    0.2956

   200

        9700

time: neqn: 
    0.2971

   200

        9750

time: neqn: 
    0.2986

   200

        9800

9846 time steps
CPU-times
 advection:        6980.00s  100%
plotting:            3.17s    0%
CPU-times
 advection:           0.00s    0%
plotting: