
                            < M A T L A B (R) >
                  Copyright 1984-2017 The MathWorks, Inc.
                   R2017b (9.3.0.713579) 64-bit (glnxa64)
                             September 14, 2017

 
To get started, type one of these: helpwin, helpdesk, or demo.
For product information, visit www.mathworks.com.
 
time: neqn: 
    0.0091

    27

time: neqn: 
    0.0183

    27

time: neqn: 
    0.0274

    27

time: neqn: 
    0.0365

    27

time: neqn: 
    0.0457

    27

time: neqn: 
    0.0548

    27

time: neqn: 
    0.0639

    27

time: neqn: 
    0.0731

    27

time: neqn: 
    0.0822

    27

time: neqn: 
    0.0913

    27

time: neqn: 
    0.1005

    27

time: neqn: 
    0.1096

    27

time: neqn: 
    0.1187

    27

time: neqn: 
    0.1279

    27

time: neqn: 
    0.1370

    27

time: neqn: 
    0.1461

    27

time: neqn: 
    0.1553

    27

time: neqn: 
    0.1644

    27

time: neqn: 
    0.1735

    27

time: neqn: 
    0.1827

    27

time: neqn: 
    0.1918

    27

time: neqn: 
    0.2009

    27

time: neqn: 
    0.2101

    27

time: neqn: 
    0.2192

    27

time: neqn: 
    0.2283

    27

time: neqn: 
    0.2375

    27

time: neqn: 
    0.2466

    27

time: neqn: 
    0.2557

    27

time: neqn: 
    0.2649

    27

time: neqn: 
    0.2740

    27

time: neqn: 
    0.2831

    27

time: neqn: 
    0.2923

    27

1643 time steps
CPU-times
 advection:          42.56s  100%
plotting:            0.00s    0%
CPU-times
 advection:           0.00s    0%
plotting: