
                            < M A T L A B (R) >
                  Copyright 1984-2017 The MathWorks, Inc.
                   R2017b (9.3.0.713579) 64-bit (glnxa64)
                             September 14, 2017

 
To get started, type one of these: helpwin, helpdesk, or demo.
For product information, visit www.mathworks.com.
 
time: neqn: 
    0.0251

     6

time: neqn: 
    0.0501

     6

time: neqn: 
    0.0752

     6

time: neqn: 
    0.1003

     6

time: neqn: 
    0.1253

     6

time: neqn: 
    0.1504

     6

time: neqn: 
    0.1755

     6

time: neqn: 
    0.2005

     6

time: neqn: 
    0.2256

     6

time: neqn: 
    0.2507

     6

time: neqn: 
    0.2758

     6

599 time steps
CPU-times
 advection:           2.18s  100%
plotting:            0.00s    0%
CPU-times
 advection:           0.00s    0%
plotting: