
                            < M A T L A B (R) >
                  Copyright 1984-2017 The MathWorks, Inc.
                   R2017b (9.3.0.713579) 64-bit (glnxa64)
                             September 14, 2017

 
To get started, type one of these: helpwin, helpdesk, or demo.
For product information, visit www.mathworks.com.
 
time: neqn: 
    0.0144

    13

time: neqn: 
    0.0287

    13

time: neqn: 
    0.0431

    13

time: neqn: 
    0.0575

    13

time: neqn: 
    0.0718

    13

time: neqn: 
    0.0862

    13

time: neqn: 
    0.1006

    13

time: neqn: 
    0.1149

    13

time: neqn: 
    0.1293

    13

time: neqn: 
    0.1437

    13

time: neqn: 
    0.1580

    13

time: neqn: 
    0.1724

    13

time: neqn: 
    0.1868

    13

time: neqn: 
    0.2011

    13

time: neqn: 
    0.2155

    13

time: neqn: 
    0.2299

    13

time: neqn: 
    0.2442

    13

time: neqn: 
    0.2586

    13

time: neqn: 
    0.2730

    13

time: neqn: 
    0.2873

    13

1045 time steps
CPU-times
 advection:           9.03s  100%
plotting:            0.00s    0%
CPU-times
 advection:           0.00s    0%
plotting: