
                            < M A T L A B (R) >
                  Copyright 1984-2017 The MathWorks, Inc.
                   R2017b (9.3.0.713579) 64-bit (glnxa64)
                             September 14, 2017

 
To get started, type one of these: helpwin, helpdesk, or demo.
For product information, visit www.mathworks.com.
 
time: neqn: 
    0.0357

     4

time: neqn: 
    0.0714

     4

time: neqn: 
    0.1071

     4

time: neqn: 
    0.1428

     4

time: neqn: 
    0.1785

     4

time: neqn: 
    0.2142

     4

time: neqn: 
    0.2499

     4

time: neqn: 
    0.2856

     4

421 time steps
CPU-times
 advection:           1.42s  100%
plotting:            0.00s    0%
CPU-times
 advection:           0.00s    0%
plotting: