
                            < M A T L A B (R) >
                  Copyright 1984-2017 The MathWorks, Inc.
                   R2017b (9.3.0.713579) 64-bit (glnxa64)
                             September 14, 2017

 
To get started, type one of these: helpwin, helpdesk, or demo.
For product information, visit www.mathworks.com.
 
time: neqn: 
    0.0131

    15

time: neqn: 
    0.0262

    15

time: neqn: 
    0.0393

    15

time: neqn: 
    0.0524

    15

time: neqn: 
    0.0655

    15

time: neqn: 
    0.0786

    15

time: neqn: 
    0.0917

    15

time: neqn: 
    0.1048

    15

time: neqn: 
    0.1179

    15

time: neqn: 
    0.1309

    15

time: neqn: 
    0.1440

    15

time: neqn: 
    0.1571

    15

time: neqn: 
    0.1702

    15

time: neqn: 
    0.1833

    15

time: neqn: 
    0.1964

    15

time: neqn: 
    0.2095

    15

time: neqn: 
    0.2226

    15

time: neqn: 
    0.2357

    15

time: neqn: 
    0.2488

    15

time: neqn: 
    0.2619

    15

time: neqn: 
    0.2750

    15

time: neqn: 
    0.2881

    15

1146 time steps
CPU-times
 advection:          11.38s  100%
plotting:            0.00s    0%
CPU-times
 advection:           0.00s    0%
plotting: