
                            < M A T L A B (R) >
                  Copyright 1984-2018 The MathWorks, Inc.
                   R2018a (9.4.0.813654) 64-bit (glnxa64)
                             February 23, 2018

 
To get started, type one of these: helpwin, helpdesk, or demo.
For product information, visit www.mathworks.com.
 
time: neqn: step_count 
    0.0070

    43

    50

time: neqn: step_count 
    0.0140

    43

   100

time: neqn: step_count 
    0.0210

    43

   150

time: neqn: step_count 
    0.0279

    43

   200

time: neqn: step_count 
    0.0349

    43

   250

time: neqn: step_count 
    0.0419

    43

   300

time: neqn: step_count 
    0.0489

    43

   350

time: neqn: step_count 
    0.0559

    43

   400

time: neqn: step_count 
    0.0629

    43

   450

time: neqn: step_count 
    0.0698

    43

   500

time: neqn: step_count 
    0.0768

    43

   550

time: neqn: step_count 
    0.0838

    43

   600

time: neqn: step_count 
    0.0908

    43

   650

time: neqn: step_count 
    0.0978

    43

   700

time: neqn: step_count 
    0.1048

    43

   750

time: neqn: step_count 
    0.1117

    43

   800

time: neqn: step_count 
    0.1187

    43

   850

time: neqn: step_count 
    0.1257

    43

   900

time: neqn: step_count 
    0.1327

    43

   950

time: neqn: step_count 
    0.1397

    43

        1000

time: neqn: step_count 
    0.1467

    43

        1050

time: neqn: step_count 
    0.1536

    43

        1100

time: neqn: step_count 
    0.1606

    43

        1150

time: neqn: step_count 
    0.1676

    43

        1200

time: neqn: step_count 
    0.1746

    43

        1250

time: neqn: step_count 
    0.1816

    43

        1300

time: neqn: step_count 
    0.1886

    43

        1350

time: neqn: step_count 
    0.1956

    43

        1400

time: neqn: step_count 
    0.2025

    43

        1450

time: neqn: step_count 
    0.2095

    43

        1500

time: neqn: step_count 
    0.2165

    43

        1550

time: neqn: step_count 
    0.2235

    43

        1600

time: neqn: step_count 
    0.2305

    43

        1650

time: neqn: step_count 
    0.2375

    43

        1700

time: neqn: step_count 
    0.2444

    43

        1750

time: neqn: step_count 
    0.2514

    43

        1800

time: neqn: step_count 
    0.2584

    43

        1850

time: neqn: step_count 
    0.2654

    43

        1900

time: neqn: step_count 
    0.2724

    43

        1950

time: neqn: step_count 
    0.2794

    43

        2000

time: neqn: step_count 
    0.2863

    43

        2050

time: neqn: step_count 
    0.2933

    43

        2100

2148 time steps
CPU-times
 advection:         104.60s  100%
plotting:            0.01s    0%
CPU-times
 advection:           0.00s    0%
plotting:written to:
result_collision_gaussian_1x1v/wall_tend_0.3_points_300_neqn_
