
                            < M A T L A B (R) >
                  Copyright 1984-2018 The MathWorks, Inc.
                   R2018a (9.4.0.813654) 64-bit (glnxa64)
                             February 23, 2018

 
To get started, type one of these: helpwin, helpdesk, or demo.
For product information, visit www.mathworks.com.
 
time: neqn: step_count 
    0.0103

    22

    50

time: neqn: step_count 
    0.0206

    22

   100

time: neqn: step_count 
    0.0310

    22

   150

time: neqn: step_count 
    0.0413

    22

   200

time: neqn: step_count 
    0.0516

    22

   250

time: neqn: step_count 
    0.0619

    22

   300

time: neqn: step_count 
    0.0722

    22

   350

time: neqn: step_count 
    0.0826

    22

   400

time: neqn: step_count 
    0.0929

    22

   450

time: neqn: step_count 
    0.1032

    22

   500

time: neqn: step_count 
    0.1135

    22

   550

time: neqn: step_count 
    0.1239

    22

   600

time: neqn: step_count 
    0.1342

    22

   650

time: neqn: step_count 
    0.1445

    22

   700

time: neqn: step_count 
    0.1548

    22

   750

time: neqn: step_count 
    0.1651

    22

   800

time: neqn: step_count 
    0.1755

    22

   850

time: neqn: step_count 
    0.1858

    22

   900

time: neqn: step_count 
    0.1961

    22

   950

time: neqn: step_count 
    0.2064

    22

        1000

time: neqn: step_count 
    0.2167

    22

        1050

time: neqn: step_count 
    0.2271

    22

        1100

time: neqn: step_count 
    0.2374

    22

        1150

time: neqn: step_count 
    0.2477

    22

        1200

time: neqn: step_count 
    0.2580

    22

        1250

time: neqn: step_count 
    0.2684

    22

        1300

time: neqn: step_count 
    0.2787

    22

        1350

time: neqn: step_count 
    0.2890

    22

        1400

time: neqn: step_count 
    0.2993

    22

        1450

1454 time steps
CPU-times
 advection:          25.94s  100%
plotting:            0.00s    0%
CPU-times
 advection:           0.00s    0%
plotting:written to:
result_collision_gaussian_1x1v/wall_tend_0.3_points_300_neqn_
