
                            < M A T L A B (R) >
                  Copyright 1984-2017 The MathWorks, Inc.
                   R2017b (9.3.0.713579) 64-bit (glnxa64)
                             September 14, 2017

 
To get started, type one of these: helpwin, helpdesk, or demo.
For product information, visit www.mathworks.com.
 
time: neqn: 
    0.0106

    21

time: neqn: 
    0.0212

    21

time: neqn: 
    0.0318

    21

time: neqn: 
    0.0425

    21

time: neqn: 
    0.0531

    21

time: neqn: 
    0.0637

    21

time: neqn: 
    0.0743

    21

time: neqn: 
    0.0849

    21

time: neqn: 
    0.0955

    21

time: neqn: 
    0.1062

    21

time: neqn: 
    0.1168

    21

time: neqn: 
    0.1274

    21

time: neqn: 
    0.1380

    21

time: neqn: 
    0.1486

    21

time: neqn: 
    0.1592

    21

time: neqn: 
    0.1699

    21

time: neqn: 
    0.1805

    21

time: neqn: 
    0.1911

    21

time: neqn: 
    0.2017

    21

time: neqn: 
    0.2123

    21

time: neqn: 
    0.2229

    21

time: neqn: 
    0.2336

    21

time: neqn: 
    0.2442

    21

time: neqn: 
    0.2548

    21

time: neqn: 
    0.2654

    21

time: neqn: 
    0.2760

    21

time: neqn: 
    0.2866

    21

time: neqn: 
    0.2973

    21

1413 time steps
CPU-times
 advection:          21.95s  100%
plotting:            0.00s    0%
CPU-times
 advection:           0.00s    0%
plotting: