
                            < M A T L A B (R) >
                  Copyright 1984-2018 The MathWorks, Inc.
                   R2018a (9.4.0.813654) 64-bit (glnxa64)
                             February 23, 2018

 
To get started, type one of these: helpwin, helpdesk, or demo.
For product information, visit www.mathworks.com.
 
time: neqn: step_count 
    0.0067

    46

    50

time: neqn: step_count 
    0.0134

    46

   100

time: neqn: step_count 
    0.0202

    46

   150

time: neqn: step_count 
    0.0269

    46

   200

time: neqn: step_count 
    0.0336

    46

   250

time: neqn: step_count 
    0.0403

    46

   300

time: neqn: step_count 
    0.0471

    46

   350

time: neqn: step_count 
    0.0538

    46

   400

time: neqn: step_count 
    0.0605

    46

   450

time: neqn: step_count 
    0.0672

    46

   500

time: neqn: step_count 
    0.0740

    46

   550

time: neqn: step_count 
    0.0807

    46

   600

time: neqn: step_count 
    0.0874

    46

   650

time: neqn: step_count 
    0.0941

    46

   700

time: neqn: step_count 
    0.1009

    46

   750

time: neqn: step_count 
    0.1076

    46

   800

time: neqn: step_count 
    0.1143

    46

   850

time: neqn: step_count 
    0.1210

    46

   900

time: neqn: step_count 
    0.1278

    46

   950

time: neqn: step_count 
    0.1345

    46

        1000

time: neqn: step_count 
    0.1412

    46

        1050

time: neqn: step_count 
    0.1479

    46

        1100

time: neqn: step_count 
    0.1546

    46

        1150

time: neqn: step_count 
    0.1614

    46

        1200

time: neqn: step_count 
    0.1681

    46

        1250

time: neqn: step_count 
    0.1748

    46

        1300

time: neqn: step_count 
    0.1815

    46

        1350

time: neqn: step_count 
    0.1883

    46

        1400

time: neqn: step_count 
    0.1950

    46

        1450

time: neqn: step_count 
    0.2017

    46

        1500

time: neqn: step_count 
    0.2084

    46

        1550

time: neqn: step_count 
    0.2152

    46

        1600

time: neqn: step_count 
    0.2219

    46

        1650

time: neqn: step_count 
    0.2286

    46

        1700

time: neqn: step_count 
    0.2353

    46

        1750

time: neqn: step_count 
    0.2421

    46

        1800

time: neqn: step_count 
    0.2488

    46

        1850

time: neqn: step_count 
    0.2555

    46

        1900

time: neqn: step_count 
    0.2622

    46

        1950

time: neqn: step_count 
    0.2690

    46

        2000

time: neqn: step_count 
    0.2757

    46

        2050

time: neqn: step_count 
    0.2824

    46

        2100

time: neqn: step_count 
    0.2891

    46

        2150

time: neqn: step_count 
    0.2958

    46

        2200

2231 time steps
CPU-times
 advection:         117.61s  100%
plotting:            0.00s    0%
CPU-times
 advection:           0.00s    0%
plotting:written to:
result_collision_gaussian_1x1v/wall_tend_0.3_points_300_neqn_
