
                            < M A T L A B (R) >
                  Copyright 1984-2017 The MathWorks, Inc.
                   R2017b (9.3.0.713579) 64-bit (glnxa64)
                             September 14, 2017

 
To get started, type one of these: helpwin, helpdesk, or demo.
For product information, visit www.mathworks.com.
 
time: neqn: step count: residual: 
    0.0292

    11

    50

   6.7879e-05

time: neqn: step count: residual: 
    0.0583

    11

   100

    0.1670

time: neqn: step count: residual: 
    0.0875

    11

   150

    1.8751

time: neqn: step count: residual: 
    0.1167

    11

   200

    5.7274

time: neqn: step count: residual: 
    0.1458

    11

   250

   10.5288

time: neqn: step count: residual: 
    0.1750

    11

   300

   15.1105

time: neqn: step count: residual: 
    0.2042

    11

   350

   18.8974

time: neqn: step count: residual: 
    0.2333

    11

   400

   21.7438

time: neqn: step count: residual: 
    0.2625

    11

   450

   23.7146

time: neqn: step count: residual: 
    0.2917

    11

   500

   24.9436

time: neqn: step count: residual: 
    0.3209

    11

   550

   25.5588

time: neqn: step count: residual: 
    0.3500

    11

   600

   25.6606

time: neqn: step count: residual: 
    0.3792

    11

   650

   25.3332

time: neqn: step count: residual: 
    0.4084

    11

   700

   24.6536

time: neqn: step count: residual: 
    0.4375

    11

   750

   23.7006

time: neqn: step count: residual: 
    0.4667

    11

   800

   22.5573

time: neqn: step count: residual: 
    0.4959

    11

   850

   21.2894

time: neqn: step count: residual: 
    0.5250

    11

   900

   19.9436

time: neqn: step count: residual: 
    0.5542

    11

   950

   18.5540

time: neqn: step count: residual: 
    0.5834

    11

        1000

   17.1469

time: neqn: step count: residual: 
    0.6125

    11

        1050

   15.7438

time: neqn: step count: residual: 
    0.6417

    11

        1100

   14.3626

time: neqn: step count: residual: 
    0.6709

    11

        1150

   13.0201

time: neqn: step count: residual: 
    0.7000

    11

        1200

   11.7309

time: neqn: step count: residual: 
    0.7292

    11

        1250

   10.5083

time: neqn: step count: residual: 
    0.7584

    11

        1300

    9.3663

time: neqn: step count: residual: 
    0.7875

    11

        1350

    8.3232

time: neqn: step count: residual: 
    0.8167

    11

        1400

    7.4034

time: neqn: step count: residual: 
    0.8459

    11

        1450

    6.6373

time: neqn: step count: residual: 
    0.8751

    11

        1500

    6.0527

time: neqn: step count: residual: 
    0.9042

    11

        1550

    5.6682

time: neqn: step count: residual: 
    0.9334

    11

        1600

    5.4864

time: neqn: step count: residual: 
    0.9626

    11

        1650

    5.4906

time: neqn: step count: residual: 
    0.9917

    11

        1700

    5.6482

time: neqn: step count: residual: 
    1.0209

    11

        1750

    5.8562

time: neqn: step count: residual: 
    1.0501

    11

        1800

    5.9508

time: neqn: step count: residual: 
    1.0792

    11

        1850

    5.9535

time: neqn: step count: residual: 
    1.1084

    11

        1900

    5.8837

time: neqn: step count: residual: 
    1.1376

    11

        1950

    5.7576

time: neqn: step count: residual: 
    1.1667

    11

        2000

    5.5909

time: neqn: step count: residual: 
    1.1959

    11

        2050

    5.3993

time: neqn: step count: residual: 
    1.2251

    11

        2100

    5.1990

time: neqn: step count: residual: 
    1.2542

    11

        2150

    5.0052

time: neqn: step count: residual: 
    1.2834

    11

        2200

    4.8318

time: neqn: step count: residual: 
    1.3126

    11

        2250

    4.6897

time: neqn: step count: residual: 
    1.3417

    11

        2300

    4.5863

time: neqn: step count: residual: 
    1.3709

    11

        2350

    4.5251

time: neqn: step count: residual: 
    1.4001

    11

        2400

    4.5063

time: neqn: step count: residual: 
    1.4293

    11

        2450

    4.5268

time: neqn: step count: residual: 
    1.4584

    11

        2500

    4.5807

time: neqn: step count: residual: 
    1.4876

    11

        2550

    4.6603

time: neqn: step count: residual: 
    1.5168

    11

        2600

    4.7572

time: neqn: step count: residual: 
    1.5459

    11

        2650

    4.8627

time: neqn: step count: residual: 
    1.5751

    11

        2700

    4.9690

time: neqn: step count: residual: 
    1.6043

    11

        2750

    5.0689

time: neqn: step count: residual: 
    1.6334

    11

        2800

    5.1559

time: neqn: step count: residual: 
    1.6626

    11

        2850

    5.2240

time: neqn: step count: residual: 
    1.6918

    11

        2900

    5.2686

time: neqn: step count: residual: 
    1.7209

    11

        2950

    5.2857

time: neqn: step count: residual: 
    1.7501

    11

        3000

    5.2730

time: neqn: step count: residual: 
    1.7793

    11

        3050

    5.2288

time: neqn: step count: residual: 
    1.8084

    11

        3100

    5.1532

time: neqn: step count: residual: 
    1.8376

    11

        3150

    5.0470

time: neqn: step count: residual: 
    1.8668

    11

        3200

    4.9121

time: neqn: step count: residual: 
    1.8959

    11

        3250

    4.7509

time: neqn: step count: residual: 
    1.9251

    11

        3300

    4.5664

time: neqn: step count: residual: 
    1.9543

    11

        3350

    4.3620

time: neqn: step count: residual: 
    1.9835

    11

        3400

    4.1415

time: neqn: step count: residual: 
    2.0126

    11

        3450

    3.9090

time: neqn: step count: residual: 
    2.0418

    11

        3500

    3.6689

time: neqn: step count: residual: 
    2.0710

    11

        3550

    3.4257

time: neqn: step count: residual: 
    2.1001

    11

        3600

    3.1843

time: neqn: step count: residual: 
    2.1293

    11

        3650

    2.9497

time: neqn: step count: residual: 
    2.1585

    11

        3700

    2.7269

time: neqn: step count: residual: 
    2.1876

    11

        3750

    2.5211

time: neqn: step count: residual: 
    2.2168

    11

        3800

    2.3372

time: neqn: step count: residual: 
    2.2460

    11

        3850

    2.1797

time: neqn: step count: residual: 
    2.2751

    11

        3900

    2.0517

time: neqn: step count: residual: 
    2.3043

    11

        3950

    1.9548

time: neqn: step count: residual: 
    2.3335

    11

        4000

    1.8884

time: neqn: step count: residual: 
    2.3626

    11

        4050

    1.8496

time: neqn: step count: residual: 
    2.3918

    11

        4100

    1.8335

time: neqn: step count: residual: 
    2.4210

    11

        4150

    1.8338

time: neqn: step count: residual: 
    2.4501

    11

        4200

    1.8444

time: neqn: step count: residual: 
    2.4793

    11

        4250

    1.8592

time: neqn: step count: residual: 
    2.5085

    11

        4300

    1.8732

time: neqn: step count: residual: 
    2.5377

    11

        4350

    1.8824

time: neqn: step count: residual: 
    2.5668

    11

        4400

    1.8840

time: neqn: step count: residual: 
    2.5960

    11

        4450

    1.8760

time: neqn: step count: residual: 
    2.6252

    11

        4500

    1.8573

time: neqn: step count: residual: 
    2.6543

    11

        4550

    1.8275

time: neqn: step count: residual: 
    2.6835

    11

        4600

    1.7869

time: neqn: step count: residual: 
    2.7127

    11

        4650

    1.7361

time: neqn: step count: residual: 
    2.7418

    11

        4700

    1.6762

time: neqn: step count: residual: 
    2.7710

    11

        4750

    1.6088

time: neqn: step count: residual: 
    2.8002

    11

        4800

    1.5357

time: neqn: step count: residual: 
    2.8293

    11

        4850

    1.4590

time: neqn: step count: residual: 
    2.8585

    11

        4900

    1.3809

time: neqn: step count: residual: 
    2.8877

    11

        4950

    1.3041

time: neqn: step count: residual: 
    2.9168

    11

        5000

    1.2312

time: neqn: step count: residual: 
    2.9460

    11

        5050

    1.1648

time: neqn: step count: residual: 
    2.9752

    11

        5100

    1.1074

time: neqn: step count: residual: 
    3.0043

    11

        5150

    1.0610

time: neqn: step count: residual: 
    3.0335

    11

        5200

    1.0270

time: neqn: step count: residual: 
    3.0627

    11

        5250

    1.0058

time: neqn: step count: residual: 
    3.0919

    11

        5300

    0.9967

time: neqn: step count: residual: 
    3.1210

    11

        5350

    0.9982

time: neqn: step count: residual: 
    3.1502

    11

        5400

    1.0079

time: neqn: step count: residual: 
    3.1794

    11

        5450

    1.0231

time: neqn: step count: residual: 
    3.2085

    11

        5500

    1.0413

time: neqn: step count: residual: 
    3.2377

    11

        5550

    1.0598

time: neqn: step count: residual: 
    3.2669

    11

        5600

    1.0768

time: neqn: step count: residual: 
    3.2960

    11

        5650

    1.0903

time: neqn: step count: residual: 
    3.3252

    11

        5700

    1.0992

time: neqn: step count: residual: 
    3.3544

    11

        5750

    1.1025

time: neqn: step count: residual: 
    3.3835

    11

        5800

    1.0997

time: neqn: step count: residual: 
    3.4127

    11

        5850

    1.0903

time: neqn: step count: residual: 
    3.4419

    11

        5900

    1.0743

time: neqn: step count: residual: 
    3.4710

    11

        5950

    1.0519

time: neqn: step count: residual: 
    3.5002

    11

        6000

    1.0235

time: neqn: step count: residual: 
    3.5294

    11

        6050

    0.9895

time: neqn: step count: residual: 
    3.5585

    11

        6100

    0.9506

time: neqn: step count: residual: 
    3.5877

    11

        6150

    0.9076

time: neqn: step count: residual: 
    3.6169

    11

        6200

    0.8614

time: neqn: step count: residual: 
    3.6461

    11

        6250

    0.8130

time: neqn: step count: residual: 
    3.6752

    11

        6300

    0.7634

time: neqn: step count: residual: 
    3.7044

    11

        6350

    0.7138

time: neqn: step count: residual: 
    3.7336

    11

        6400

    0.6655

time: neqn: step count: residual: 
    3.7627

    11

        6450

    0.6197

time: neqn: step count: residual: 
    3.7919

    11

        6500

    0.5776

time: neqn: step count: residual: 
    3.8211

    11

        6550

    0.5405

time: neqn: step count: residual: 
    3.8502

    11

        6600

    0.5093

time: neqn: step count: residual: 
    3.8794

    11

        6650

    0.4849

time: neqn: step count: residual: 
    3.9086

    11

        6700

    0.4674

time: neqn: step count: residual: 
    3.9377

    11

        6750

    0.4566

time: neqn: step count: residual: 
    3.9669

    11

        6800

    0.4516

time: neqn: step count: residual: 
    3.9961

    11

        6850

    0.4514

time: neqn: step count: residual: 
    4.0252

    11

        6900

    0.4544

time: neqn: step count: residual: 
    4.0544

    11

        6950

    0.4593

time: neqn: step count: residual: 
    4.0836

    11

        7000

    0.4648

time: neqn: step count: residual: 
    4.1127

    11

        7050

    0.4697

time: neqn: step count: residual: 
    4.1419

    11

        7100

    0.4733

time: neqn: step count: residual: 
    4.1711

    11

        7150

    0.4749

time: neqn: step count: residual: 
    4.2003

    11

        7200

    0.4740

time: neqn: step count: residual: 
    4.2294

    11

        7250

    0.4704

time: neqn: step count: residual: 
    4.2586

    11

        7300

    0.4639

time: neqn: step count: residual: 
    4.2878

    11

        7350

    0.4547

time: neqn: step count: residual: 
    4.3169

    11

        7400

    0.4427

time: neqn: step count: residual: 
    4.3461

    11

        7450

    0.4284

time: neqn: step count: residual: 
    4.3753

    11

        7500

    0.4119

time: neqn: step count: residual: 
    4.4044

    11

        7550

    0.3936

time: neqn: step count: residual: 
    4.4336

    11

        7600

    0.3741

time: neqn: step count: residual: 
    4.4628

    11

        7650

    0.3537

time: neqn: step count: residual: 
    4.4919

    11

        7700

    0.3332

time: neqn: step count: residual: 
    4.5211

    11

        7750

    0.3130

time: neqn: step count: residual: 
    4.5503

    11

        7800

    0.2938

time: neqn: step count: residual: 
    4.5794

    11

        7850

    0.2762

time: neqn: step count: residual: 
    4.6086

    11

        7900

    0.2607

time: neqn: step count: residual: 
    4.6378

    11

        7950

    0.2480

time: neqn: step count: residual: 
    4.6669

    11

        8000

    0.2383

time: neqn: step count: residual: 
    4.6961

    11

        8050

    0.2318

time: neqn: step count: residual: 
    4.7253

    11

        8100

    0.2283

time: neqn: step count: residual: 
    4.7545

    11

        8150

    0.2274

time: neqn: step count: residual: 
    4.7836

    11

        8200

    0.2286

time: neqn: step count: residual: 
    4.8128

    11

        8250

    0.2313

time: neqn: step count: residual: 
    4.8420

    11

        8300

    0.2348

time: neqn: step count: residual: 
    4.8711

    11

        8350

    0.2385

time: neqn: step count: residual: 
    4.9003

    11

        8400

    0.2419

time: neqn: step count: residual: 
    4.9295

    11

        8450

    0.2445

time: neqn: step count: residual: 
    4.9586

    11

        8500

    0.2462

time: neqn: step count: residual: 
    4.9878

    11

        8550

    0.2465

time: neqn: step count: residual: 
    5.0170

    11

        8600

    0.2455

time: neqn: step count: residual: 
    5.0461

    11

        8650

    0.2430

time: neqn: step count: residual: 
    5.0753

    11

        8700

    0.2391

time: neqn: step count: residual: 
    5.1045

    11

        8750

    0.2337

time: neqn: step count: residual: 
    5.1336

    11

        8800

    0.2270

time: neqn: step count: residual: 
    5.1628

    11

        8850

    0.2191

time: neqn: step count: residual: 
    5.1920

    11

        8900

    0.2101

time: neqn: step count: residual: 
    5.2211

    11

        8950

    0.2002

time: neqn: step count: residual: 
    5.2503

    11

        9000

    0.1898

time: neqn: step count: residual: 
    5.2795

    11

        9050

    0.1789

time: neqn: step count: residual: 
    5.3087

    11

        9100

    0.1679

time: neqn: step count: residual: 
    5.3378

    11

        9150

    0.1571

time: neqn: step count: residual: 
    5.3670

    11

        9200

    0.1467

time: neqn: step count: residual: 
    5.3962

    11

        9250

    0.1371

time: neqn: step count: residual: 
    5.4253

    11

        9300

    0.1285

time: neqn: step count: residual: 
    5.4545

    11

        9350

    0.1213

time: neqn: step count: residual: 
    5.4837

    11

        9400

    0.1155

time: neqn: step count: residual: 
    5.5128

    11

        9450

    0.1113

time: neqn: step count: residual: 
    5.5420

    11

        9500

    0.1086

time: neqn: step count: residual: 
    5.5712

    11

        9550

    0.1074

time: neqn: step count: residual: 
    5.6003

    11

        9600

    0.1073

time: neqn: step count: residual: 
    5.6295

    11

        9650

    0.1080

time: neqn: step count: residual: 
    5.6587

    11

        9700

    0.1093

time: neqn: step count: residual: 
    5.6878

    11

        9750

    0.1107

time: neqn: step count: residual: 
    5.7170

    11

        9800

    0.1121

time: neqn: step count: residual: 
    5.7462

    11

        9850

    0.1133

time: neqn: step count: residual: 
    5.7753

    11

        9900

    0.1139

time: neqn: step count: residual: 
    5.8045

    11

        9950

    0.1141

time: neqn: step count: residual: 
    5.8337

    11

       10000

    0.1135

time: neqn: step count: residual: 
    5.8629

    11

       10050

    0.1123

time: neqn: step count: residual: 
    5.8920

    11

       10100

    0.1105

time: neqn: step count: residual: 
    5.9212

    11

       10150

    0.1079

time: neqn: step count: residual: 
    5.9504

    11

       10200

    0.1048

time: neqn: step count: residual: 
    5.9795

    11

       10250

    0.1011

time: neqn: step count: residual: 
    6.0087

    11

       10300

    0.0969

time: neqn: step count: residual: 
    6.0379

    11

       10350

    0.0923

time: neqn: step count: residual: 
    6.0670

    11

       10400

    0.0875

time: neqn: step count: residual: 
    6.0962

    11

       10450

    0.0825

time: neqn: step count: residual: 
    6.1254

    11

       10500

    0.0775

time: neqn: step count: residual: 
    6.1545

    11

       10550

    0.0726

time: neqn: step count: residual: 
    6.1837

    11

       10600

    0.0681

time: neqn: step count: residual: 
    6.2129

    11

       10650

    0.0639

time: neqn: step count: residual: 
    6.2420

    11

       10700

    0.0603

time: neqn: step count: residual: 
    6.2712

    11

       10750

    0.0573

time: neqn: step count: residual: 
    6.3004

    11

       10800

    0.0551

time: neqn: step count: residual: 
    6.3295

    11

       10850

    0.0536

time: neqn: step count: residual: 
    6.3587

    11

       10900

    0.0528

time: neqn: step count: residual: 
    6.3879

    11

       10950

    0.0526

time: neqn: step count: residual: 
    6.4171

    11

       11000

    0.0529

time: neqn: step count: residual: 
    6.4462

    11

       11050

    0.0535

time: neqn: step count: residual: 
    6.4754

    11

       11100

    0.0543

time: neqn: step count: residual: 
    6.5046

    11

       11150

    0.0551

time: neqn: step count: residual: 
    6.5337

    11

       11200

    0.0558

time: neqn: step count: residual: 
    6.5629

    11

       11250

    0.0564

time: neqn: step count: residual: 
    6.5921

    11

       11300

    0.0566

time: neqn: step count: residual: 
    6.6212

    11

       11350

    0.0566

time: neqn: step count: residual: 
    6.6504

    11

       11400

    0.0563

time: neqn: step count: residual: 
    6.6796

    11

       11450

    0.0556

time: neqn: step count: residual: 
    6.7087

    11

       11500

    0.0545

time: neqn: step count: residual: 
    6.7379

    11

       11550

    0.0532

time: neqn: step count: residual: 
    6.7671

    11

       11600

    0.0515

time: neqn: step count: residual: 
    6.7962

    11

       11650

    0.0496

time: neqn: step count: residual: 
    6.8254

    11

       11700

    0.0475

time: neqn: step count: residual: 
    6.8546

    11

       11750

    0.0452

time: neqn: step count: residual: 
    6.8837

    11

       11800

    0.0427

time: neqn: step count: residual: 
    6.9129

    11

       11850

    0.0402

time: neqn: step count: residual: 
    6.9421

    11

       11900

    0.0377

time: neqn: step count: residual: 
    6.9713

    11

       11950

    0.0353

time: neqn: step count: residual: 
    7.0004

    11

       12000

    0.0330

time: neqn: step count: residual: 
    7.0296

    11

       12050

    0.0309

time: neqn: step count: residual: 
    7.0588

    11

       12100

    0.0291

time: neqn: step count: residual: 
    7.0879

    11

       12150

    0.0276

time: neqn: step count: residual: 
    7.1171

    11

       12200

    0.0265

time: neqn: step count: residual: 
    7.1463

    11

       12250

    0.0257

time: neqn: step count: residual: 
    7.1754

    11

       12300

    0.0253

time: neqn: step count: residual: 
    7.2046

    11

       12350

    0.0252

time: neqn: step count: residual: 
    7.2338

    11

       12400

    0.0253

time: neqn: step count: residual: 
    7.2629

    11

       12450

    0.0256

time: neqn: step count: residual: 
    7.2921

    11

       12500

    0.0259

time: neqn: step count: residual: 
    7.3213

    11

       12550

    0.0263

time: neqn: step count: residual: 
    7.3504

    11

       12600

    0.0266

time: neqn: step count: residual: 
    7.3796

    11

       12650

    0.0268

time: neqn: step count: residual: 
    7.4088

    11

       12700

    0.0269

time: neqn: step count: residual: 
    7.4379

    11

       12750

    0.0269

time: neqn: step count: residual: 
    7.4671

    11

       12800

    0.0267

time: neqn: step count: residual: 
    7.4963

    11

       12850

    0.0264

time: neqn: step count: residual: 
    7.5255

    11

       12900

    0.0258

time: neqn: step count: residual: 
    7.5546

    11

       12950

    0.0252

time: neqn: step count: residual: 
    7.5838

    11

       13000

    0.0244

time: neqn: step count: residual: 
    7.6130

    11

       13050

    0.0234

time: neqn: step count: residual: 
    7.6421

    11

       13100

    0.0224

time: neqn: step count: residual: 
    7.6713

    11

       13150

    0.0213

time: neqn: step count: residual: 
    7.7005

    11

       13200

    0.0201

time: neqn: step count: residual: 
    7.7296

    11

       13250

    0.0190

time: neqn: step count: residual: 
    7.7588

    11

       13300

    0.0178

time: neqn: step count: residual: 
    7.7880

    11

       13350

    0.0166

time: neqn: step count: residual: 
    7.8171

    11

       13400

    0.0156

time: neqn: step count: residual: 
    7.8463

    11

       13450

    0.0146

time: neqn: step count: residual: 
    7.8755

    11

       13500

    0.0138

time: neqn: step count: residual: 
    7.9046

    11

       13550

    0.0132

time: neqn: step count: residual: 
    7.9338

    11

       13600

    0.0127

time: neqn: step count: residual: 
    7.9630

    11

       13650

    0.0124

time: neqn: step count: residual: 
    7.9922

    11

       13700

    0.0123

time: neqn: step count: residual: 
    8.0213

    11

       13750

    0.0123

time: neqn: step count: residual: 
    8.0505

    11

       13800

    0.0124

time: neqn: step count: residual: 
    8.0797

    11

       13850

    0.0125

time: neqn: step count: residual: 
    8.1088

    11

       13900

    0.0127

time: neqn: step count: residual: 
    8.1380

    11

       13950

    0.0129

time: neqn: step count: residual: 
    8.1672

    11

       14000

    0.0130

time: neqn: step count: residual: 
    8.1963

    11

       14050

    0.0131

time: neqn: step count: residual: 
    8.2255

    11

       14100

    0.0132

time: neqn: step count: residual: 
    8.2547

    11

       14150

    0.0131

time: neqn: step count: residual: 
    8.2838

    11

       14200

    0.0130

time: neqn: step count: residual: 
    8.3130

    11

       14250

    0.0128

time: neqn: step count: residual: 
    8.3422

    11

       14300

    0.0126

time: neqn: step count: residual: 
    8.3713

    11

       14350

    0.0122

time: neqn: step count: residual: 
    8.4005

    11

       14400

    0.0118

time: neqn: step count: residual: 
    8.4297

    11

       14450

    0.0113

time: neqn: step count: residual: 
    8.4588

    11

       14500

    0.0108

time: neqn: step count: residual: 
    8.4880

    11

       14550

    0.0103

time: neqn: step count: residual: 
    8.5172

    11

       14600

    0.0097

time: neqn: step count: residual: 
    8.5464

    11

       14650

    0.0091

time: neqn: step count: residual: 
    8.5755

    11

       14700

    0.0085

time: neqn: step count: residual: 
    8.6047

    11

       14750

    0.0080

time: neqn: step count: residual: 
    8.6339

    11

       14800

    0.0075

time: neqn: step count: residual: 
    8.6630

    11

       14850

    0.0070

time: neqn: step count: residual: 
    8.6922

    11

       14900

    0.0066

time: neqn: step count: residual: 
    8.7214

    11

       14950

    0.0063

time: neqn: step count: residual: 
    8.7505

    11

       15000

    0.0061

time: neqn: step count: residual: 
    8.7797

    11

       15050

    0.0060

time: neqn: step count: residual: 
    8.8089

    11

       15100

    0.0059

time: neqn: step count: residual: 
    8.8380

    11

       15150

    0.0059

time: neqn: step count: residual: 
    8.8672

    11

       15200

    0.0060

time: neqn: step count: residual: 
    8.8964

    11

       15250

    0.0060

time: neqn: step count: residual: 
    8.9255

    11

       15300

    0.0061

time: neqn: step count: residual: 
    8.9547

    11

       15350

    0.0062

time: neqn: step count: residual: 
    8.9839

    11

       15400

    0.0063

time: neqn: step count: residual: 
    9.0130

    11

       15450

    0.0063

time: neqn: step count: residual: 
    9.0422

    11

       15500

    0.0063

time: neqn: step count: residual: 
    9.0714

    11

       15550

    0.0063

time: neqn: step count: residual: 
    9.1006

    11

       15600

    0.0062

time: neqn: step count: residual: 
    9.1297

    11

       15650

    0.0061

time: neqn: step count: residual: 
    9.1589

    11

       15700

    0.0060

time: neqn: step count: residual: 
    9.1881

    11

       15750

    0.0058

time: neqn: step count: residual: 
    9.2172

    11

       15800

    0.0056

time: neqn: step count: residual: 
    9.2464

    11

       15850

    0.0054

time: neqn: step count: residual: 
    9.2756

    11

       15900

    0.0052

time: neqn: step count: residual: 
    9.3047

    11

       15950

    0.0049

time: neqn: step count: residual: 
    9.3339

    11

       16000

    0.0046

time: neqn: step count: residual: 
    9.3631

    11

       16050

    0.0043

time: neqn: step count: residual: 
    9.3922

    11

       16100

    0.0041

time: neqn: step count: residual: 
    9.4214

    11

       16150

    0.0038

time: neqn: step count: residual: 
    9.4506

    11

       16200

    0.0036

time: neqn: step count: residual: 
    9.4797

    11

       16250

    0.0033

time: neqn: step count: residual: 
    9.5089

    11

       16300

    0.0032

time: neqn: step count: residual: 
    9.5381

    11

       16350

    0.0030

time: neqn: step count: residual: 
    9.5672

    11

       16400

    0.0029

time: neqn: step count: residual: 
    9.5964

    11

       16450

    0.0029

time: neqn: step count: residual: 
    9.6256

    11

       16500

    0.0029

time: neqn: step count: residual: 
    9.6548

    11

       16550

    0.0029

time: neqn: step count: residual: 
    9.6839

    11

       16600

    0.0029

time: neqn: step count: residual: 
    9.7131

    11

       16650

    0.0029

time: neqn: step count: residual: 
    9.7423

    11

       16700

    0.0030

time: neqn: step count: residual: 
    9.7714

    11

       16750

    0.0030

time: neqn: step count: residual: 
    9.8006

    11

       16800

    0.0030

time: neqn: step count: residual: 
    9.8298

    11

       16850

    0.0031

time: neqn: step count: residual: 
    9.8589

    11

       16900

    0.0031

time: neqn: step count: residual: 
    9.8881

    11

       16950

    0.0030

time: neqn: step count: residual: 
    9.9173

    11

       17000

    0.0030

time: neqn: step count: residual: 
    9.9464

    11

       17050

    0.0030

time: neqn: step count: residual: 
    9.9756

    11

       17100

    0.0029

time: neqn: step count: residual: 
   10.0048

    11

       17150

    0.0028

time: neqn: step count: residual: 
   10.0339

    11

       17200

    0.0027

time: neqn: step count: residual: 
   10.0631

    11

       17250

    0.0026

time: neqn: step count: residual: 
   10.0923

    11

       17300

    0.0025

time: neqn: step count: residual: 
   10.1214

    11

       17350

    0.0023

time: neqn: step count: residual: 
   10.1506

    11

       17400

    0.0022

time: neqn: step count: residual: 
   10.1798

    11

       17450

    0.0021

time: neqn: step count: residual: 
   10.2090

    11

       17500

    0.0019

time: neqn: step count: residual: 
   10.2381

    11

       17550

    0.0018

time: neqn: step count: residual: 
   10.2673

    11

       17600

    0.0017

time: neqn: step count: residual: 
   10.2965

    11

       17650

    0.0016

time: neqn: step count: residual: 
   10.3256

    11

       17700

    0.0015

time: neqn: step count: residual: 
   10.3548

    11

       17750

    0.0015

time: neqn: step count: residual: 
   10.3840

    11

       17800

    0.0014

time: neqn: step count: residual: 
   10.4131

    11

       17850

    0.0014

time: neqn: step count: residual: 
   10.4423

    11

       17900

    0.0014

time: neqn: step count: residual: 
   10.4715

    11

       17950

    0.0014

time: neqn: step count: residual: 
   10.5006

    11

       18000

    0.0014

time: neqn: step count: residual: 
   10.5298

    11

       18050

    0.0014

time: neqn: step count: residual: 
   10.5590

    11

       18100

    0.0014

time: neqn: step count: residual: 
   10.5881

    11

       18150

    0.0015

time: neqn: step count: residual: 
   10.6173

    11

       18200

    0.0015

time: neqn: step count: residual: 
   10.6465

    11

       18250

    0.0015

time: neqn: step count: residual: 
   10.6756

    11

       18300

    0.0015

time: neqn: step count: residual: 
   10.7048

    11

       18350

    0.0015

time: neqn: step count: residual: 
   10.7340

    11

       18400

    0.0015

time: neqn: step count: residual: 
   10.7632

    11

       18450

    0.0014

time: neqn: step count: residual: 
   10.7923

    11

       18500

    0.0014

time: neqn: step count: residual: 
   10.8215

    11

       18550

    0.0013

time: neqn: step count: residual: 
   10.8507

    11

       18600

    0.0013

time: neqn: step count: residual: 
   10.8798

    11

       18650

    0.0012

time: neqn: step count: residual: 
   10.9090

    11

       18700

    0.0012

time: neqn: step count: residual: 
   10.9382

    11

       18750

    0.0011

time: neqn: step count: residual: 
   10.9673

    11

       18800

    0.0011

time: neqn: step count: residual: 
   10.9965

    11

       18850

   9.8724e-04

time: neqn: step count: residual: 
   11.0257

    11

       18900

   9.2418e-04

time: neqn: step count: residual: 
   11.0548

    11

       18950

   8.6487e-04

time: neqn: step count: residual: 
   11.0840

    11

       19000

   8.1114e-04

time: neqn: step count: residual: 
   11.1132

    11

       19050

   7.6468e-04

time: neqn: step count: residual: 
   11.1423

    11

       19100

   7.2684e-04

time: neqn: step count: residual: 
   11.1715

    11

       19150

   6.9846e-04

time: neqn: step count: residual: 
   11.2007

    11

       19200

   6.7968e-04

time: neqn: step count: residual: 
   11.2298

    11

       19250

   6.6986e-04

time: neqn: step count: residual: 
   11.2590

    11

       19300

   6.6770e-04

time: neqn: step count: residual: 
   11.2882

    11

       19350

   6.7141e-04

time: neqn: step count: residual: 
   11.3174

    11

       19400

   6.7900e-04

time: neqn: step count: residual: 
   11.3465

    11

       19450

   6.8852e-04

time: neqn: step count: residual: 
   11.3757

    11

       19500

   6.9824e-04

time: neqn: step count: residual: 
   11.4049

    11

       19550

   7.0669e-04

time: neqn: step count: residual: 
   11.4340

    11

       19600

   7.1275e-04

time: neqn: step count: residual: 
   11.4632

    11

       19650

   7.1556e-04

time: neqn: step count: residual: 
   11.4924

    11

       19700

   7.1454e-04

time: neqn: step count: residual: 
   11.5215

    11

       19750

   7.0938e-04

time: neqn: step count: residual: 
   11.5507

    11

       19800

   6.9992e-04

time: neqn: step count: residual: 
   11.5799

    11

       19850

   6.8623e-04

time: neqn: step count: residual: 
   11.6090

    11

       19900

   6.6850e-04

time: neqn: step count: residual: 
   11.6382

    11

       19950

   6.4705e-04

time: neqn: step count: residual: 
   11.6674

    11

       20000

   6.2234e-04

time: neqn: step count: residual: 
   11.6965

    11

       20050

   5.9489e-04

time: neqn: step count: residual: 
   11.7257

    11

       20100

   5.6535e-04

time: neqn: step count: residual: 
   11.7549

    11

       20150

   5.3441e-04

time: neqn: step count: residual: 
   11.7840

    11

       20200

   5.0284e-04

time: neqn: step count: residual: 
   11.8132

    11

       20250

   4.7149e-04

time: neqn: step count: residual: 
   11.8424

    11

       20300

   4.4123e-04

time: neqn: step count: residual: 
   11.8716

    11

       20350

   4.1296e-04

time: neqn: step count: residual: 
   11.9007

    11

       20400

   3.8755e-04

time: neqn: step count: residual: 
   11.9299

    11

       20450

   3.6579e-04

time: neqn: step count: residual: 
   11.9591

    11

       20500

   3.4831e-04

time: neqn: step count: residual: 
   11.9882

    11

       20550

   3.3544e-04

time: neqn: step count: residual: 
   12.0174

    11

       20600

   3.2719e-04

time: neqn: step count: residual: 
   12.0466

    11

       20650

   3.2318e-04

time: neqn: step count: residual: 
   12.0757

    11

       20700

   3.2272e-04

time: neqn: step count: residual: 
   12.1049

    11

       20750

   3.2492e-04

time: neqn: step count: residual: 
   12.1341

    11

       20800

   3.2882e-04

time: neqn: step count: residual: 
   12.1632

    11

       20850

   3.3348e-04

time: neqn: step count: residual: 
   12.1924

    11

       20900

   3.3809e-04

time: neqn: step count: residual: 
   12.2216

    11

       20950

   3.4198e-04

time: neqn: step count: residual: 
   12.2507

    11

       21000

   3.4462e-04

time: neqn: step count: residual: 
   12.2799

    11

       21050

   3.4562e-04

time: neqn: step count: residual: 
   12.3091

    11

       21100

   3.4475e-04

time: neqn: step count: residual: 
   12.3382

    11

       21150

   3.4184e-04

time: neqn: step count: residual: 
   12.3674

    11

       21200

   3.3687e-04

time: neqn: step count: residual: 
   12.3966

    11

       21250

   3.2986e-04

time: neqn: step count: residual: 
   12.4258

    11

       21300

   3.2092e-04

time: neqn: step count: residual: 
   12.4549

    11

       21350

   3.1024e-04

time: neqn: step count: residual: 
   12.4841

    11

       21400

   2.9802e-04

time: neqn: step count: residual: 
   12.5133

    11

       21450

   2.8454e-04

time: neqn: step count: residual: 
   12.5424

    11

       21500

   2.7011e-04

time: neqn: step count: residual: 
   12.5716

    11

       21550

   2.5508e-04

time: neqn: step count: residual: 
   12.6008

    11

       21600

   2.3983e-04

time: neqn: step count: residual: 
   12.6299

    11

       21650

   2.2477e-04

time: neqn: step count: residual: 
   12.6591

    11

       21700

   2.1032e-04

time: neqn: step count: residual: 
   12.6883

    11

       21750

   1.9692e-04

time: neqn: step count: residual: 
   12.7174

    11

       21800

   1.8499e-04

time: neqn: step count: residual: 
   12.7466

    11

       21850

   1.7489e-04

time: neqn: step count: residual: 
   12.7758

    11

       21900

   1.6691e-04

time: neqn: step count: residual: 
   12.8049

    11

       21950

   1.6117e-04

time: neqn: step count: residual: 
   12.8341

    11

       22000

   1.5763e-04

time: neqn: step count: residual: 
   12.8633

    11

       22050

   1.5609e-04

time: neqn: step count: residual: 
   12.8924

    11

       22100

   1.5618e-04

time: neqn: step count: residual: 
   12.9216

    11

       22150

   1.5746e-04

time: neqn: step count: residual: 
   12.9508

    11

       22200

   1.5946e-04

time: neqn: step count: residual: 
   12.9800

    11

       22250

   1.6174e-04

time: neqn: step count: residual: 
   13.0091

    11

       22300

   1.6393e-04

time: neqn: step count: residual: 
   13.0383

    11

       22350

   1.6571e-04

time: neqn: step count: residual: 
   13.0675

    11

       22400

   1.6684e-04

time: neqn: step count: residual: 
   13.0966

    11

       22450

   1.6715e-04

time: neqn: step count: residual: 
   13.1258

    11

       22500

   1.6653e-04

time: neqn: step count: residual: 
   13.1550

    11

       22550

   1.6492e-04

time: neqn: step count: residual: 
   13.1841

    11

       22600

   1.6231e-04

time: neqn: step count: residual: 
   13.2133

    11

       22650

   1.5873e-04

time: neqn: step count: residual: 
   13.2425

    11

       22700

   1.5423e-04

time: neqn: step count: residual: 
   13.2716

    11

       22750

   1.4890e-04

time: neqn: step count: residual: 
   13.3008

    11

       22800

   1.4286e-04

time: neqn: step count: residual: 
   13.3300

    11

       22850

   1.3623e-04

time: neqn: step count: residual: 
   13.3591

    11

       22900

   1.2918e-04

time: neqn: step count: residual: 
   13.3883

    11

       22950

   1.2188e-04

time: neqn: step count: residual: 
   13.4175

    11

       23000

   1.1450e-04

time: neqn: step count: residual: 
   13.4466

    11

       23050

   1.0726e-04

time: neqn: step count: residual: 
   13.4758

    11

       23100

   1.0035e-04

time: neqn: step count: residual: 
   13.5050

    11

       23150

   9.3994e-05

time: neqn: step count: residual: 
   13.5342

    11

       23200

   8.8384e-05

time: neqn: step count: residual: 
   13.5633

    11

       23250

   8.3692e-05

time: neqn: step count: residual: 
   13.5925

    11

       23300

   8.0040e-05

time: neqn: step count: residual: 
   13.6217

    11

       23350

   7.7476e-05

time: neqn: step count: residual: 
   13.6508

    11

       23400

   7.5965e-05

time: neqn: step count: residual: 
   13.6800

    11

       23450

   7.5387e-05

time: neqn: step count: residual: 
   13.7092

    11

       23500

   7.5558e-05

time: neqn: step count: residual: 
   13.7383

    11

       23550

   7.6260e-05

time: neqn: step count: residual: 
   13.7675

    11

       23600

   7.7269e-05

time: neqn: step count: residual: 
   13.7967

    11

       23650

   7.8375e-05

time: neqn: step count: residual: 
   13.8258

    11

       23700

   7.9403e-05

time: neqn: step count: residual: 
   13.8550

    11

       23750

   8.0207e-05

time: neqn: step count: residual: 
   13.8842

    11

       23800

   8.0679e-05

time: neqn: step count: residual: 
   13.9133

    11

       23850

   8.0743e-05

time: neqn: step count: residual: 
   13.9425

    11

       23900

   8.0351e-05

time: neqn: step count: residual: 
   13.9717

    11

       23950

   7.9478e-05

time: neqn: step count: residual: 
   14.0008

    11

       24000

   7.8122e-05

time: neqn: step count: residual: 
   14.0300

    11

       24050

   7.6300e-05

time: neqn: step count: residual: 
   14.0592

    11

       24100

   7.4042e-05

time: neqn: step count: residual: 
   14.0884

    11

       24150

   7.1393e-05

time: neqn: step count: residual: 
   14.1175

    11

       24200

   6.8411e-05

time: neqn: step count: residual: 
   14.1467

    11

       24250

   6.5163e-05

time: neqn: step count: residual: 
   14.1759

    11

       24300

   6.1724e-05

time: neqn: step count: residual: 
   14.2050

    11

       24350

   5.8180e-05

time: neqn: step count: residual: 
   14.2342

    11

       24400

   5.4621e-05

time: neqn: step count: residual: 
   14.2634

    11

       24450

   5.1146e-05

time: neqn: step count: residual: 
   14.2925

    11

       24500

   4.7856e-05

time: neqn: step count: residual: 
   14.3217

    11

       24550

   4.4850e-05

time: neqn: step count: residual: 
   14.3509

    11

       24600

   4.2223e-05

time: neqn: step count: residual: 
   14.3800

    11

       24650

   4.0055e-05

time: neqn: step count: residual: 
   14.4092

    11

       24700

   3.8396e-05

time: neqn: step count: residual: 
   14.4384

    11

       24750

   3.7264e-05

time: neqn: step count: residual: 
   14.4675

    11

       24800

   3.6632e-05

time: neqn: step count: residual: 
   14.4967

    11

       24850

   3.6435e-05

time: neqn: step count: residual: 
   14.5259

    11

       24900

   3.6579e-05

time: neqn: step count: residual: 
   14.5550

    11

       24950

   3.6958e-05

time: neqn: step count: residual: 
   14.5842

    11

       25000

   3.7463e-05

time: neqn: step count: residual: 
   14.6134

    11

       25050

   3.7997e-05

time: neqn: step count: residual: 
   14.6426

    11

       25100

   3.8478e-05

time: neqn: step count: residual: 
   14.6717

    11

       25150

   3.8838e-05

time: neqn: step count: residual: 
   14.7009

    11

       25200

   3.9029e-05

time: neqn: step count: residual: 
   14.7301

    11

       25250

   3.9017e-05

time: neqn: step count: residual: 
   14.7592

    11

       25300

   3.8781e-05

time: neqn: step count: residual: 
   14.7884

    11

       25350

   3.8312e-05

time: neqn: step count: residual: 
   14.8176

    11

       25400

   3.7610e-05

time: neqn: step count: residual: 
   14.8467

    11

       25450

   3.6685e-05

time: neqn: step count: residual: 
   14.8759

    11

       25500

   3.5554e-05

time: neqn: step count: residual: 
   14.9051

    11

       25550

   3.4238e-05

time: neqn: step count: residual: 
   14.9342

    11

       25600

   3.2768e-05

time: neqn: step count: residual: 
   14.9634

    11

       25650

   3.1176e-05

time: neqn: step count: residual: 
   14.9926

    11

       25700

   2.9500e-05

time: neqn: step count: residual: 
   15.0217

    11

       25750

   2.7781e-05

time: neqn: step count: residual: 
   15.0509

    11

       25800

   2.6065e-05

time: neqn: step count: residual: 
   15.0801

    11

       25850

   2.4398e-05

time: neqn: step count: residual: 
   15.1092

    11

       25900

   2.2831e-05

time: neqn: step count: residual: 
   15.1384

    11

       25950

   2.1411e-05

time: neqn: step count: residual: 
   15.1676

    11

       26000

   2.0182e-05

time: neqn: step count: residual: 
   15.1968

    11

       26050

   1.9181e-05

time: neqn: step count: residual: 
   15.2259

    11

       26100

   1.8430e-05

time: neqn: step count: residual: 
   15.2551

    11

       26150

   1.7932e-05

time: neqn: step count: residual: 
   15.2843

    11

       26200

   1.7671e-05

time: neqn: step count: residual: 
   15.3134

    11

       26250

   1.7612e-05

time: neqn: step count: residual: 
   15.3426

    11

       26300

   1.7709e-05

time: neqn: step count: residual: 
   15.3718

    11

       26350

   1.7908e-05

time: neqn: step count: residual: 
   15.4009

    11

       26400

   1.8158e-05

time: neqn: step count: residual: 
   15.4301

    11

       26450

   1.8414e-05

time: neqn: step count: residual: 
   15.4593

    11

       26500

   1.8637e-05

time: neqn: step count: residual: 
   15.4884

    11

       26550

   1.8796e-05

time: neqn: step count: residual: 
   15.5176

    11

       26600

   1.8870e-05

time: neqn: step count: residual: 
   15.5468

    11

       26650

   1.8843e-05

time: neqn: step count: residual: 
   15.5759

    11

       26700

   1.8707e-05

time: neqn: step count: residual: 
   15.6051

    11

       26750

   1.8457e-05

time: neqn: step count: residual: 
   15.6343

    11

       26800

   1.8096e-05

time: neqn: step count: residual: 
   15.6634

    11

       26850

   1.7628e-05

time: neqn: step count: residual: 
   15.6926

    11

       26900

   1.7063e-05

time: neqn: step count: residual: 
   15.7218

    11

       26950

   1.6411e-05

time: neqn: step count: residual: 
   15.7510

    11

       27000

   1.5687e-05

time: neqn: step count: residual: 
   15.7801

    11

       27050

   1.4908e-05

time: neqn: step count: residual: 
   15.8093

    11

       27100

   1.4092e-05

time: neqn: step count: residual: 
   15.8385

    11

       27150

   1.3260e-05

time: neqn: step count: residual: 
   15.8676

    11

       27200

   1.2433e-05

time: neqn: step count: residual: 
   15.8968

    11

       27250

   1.1636e-05

time: neqn: step count: residual: 
   15.9260

    11

       27300

   1.0891e-05

time: neqn: step count: residual: 
   15.9551

    11

       27350

   1.0221e-05

time: neqn: step count: residual: 
   15.9843

    11

       27400

   9.6486e-06

time: neqn: step count: residual: 
   16.0135

    11

       27450

   9.1886e-06

time: neqn: step count: residual: 
   16.0426

    11

       27500

   8.8504e-06

time: neqn: step count: residual: 
   16.0718

    11

       27550

   8.6339e-06

time: neqn: step count: residual: 
   16.1010

    11

       27600

   8.5291e-06

time: neqn: step count: residual: 
   16.1301

    11

       27650

   8.5179e-06

time: neqn: step count: residual: 
   16.1593

    11

       27700

   8.5766e-06

time: neqn: step count: residual: 
   16.1885

    11

       27750

   8.6798e-06

time: neqn: step count: residual: 
   16.2176

    11

       27800

   8.8031e-06

time: neqn: step count: residual: 
   16.2468

    11

       27850

   8.9250e-06

time: neqn: step count: residual: 
   16.2760

    11

       27900

   9.0275e-06

time: neqn: step count: residual: 
   16.3052

    11

       27950

   9.0970e-06

time: neqn: step count: residual: 
   16.3343

    11

       28000

   9.1235e-06

time: neqn: step count: residual: 
   16.3635

    11

       28050

   9.1001e-06

time: neqn: step count: residual: 
   16.3927

    11

       28100

   9.0232e-06

time: neqn: step count: residual: 
   16.4218

    11

       28150

   8.8917e-06

time: neqn: step count: residual: 
   16.4510

    11

       28200

   8.7064e-06

time: neqn: step count: residual: 
   16.4802

    11

       28250

   8.4704e-06

time: neqn: step count: residual: 
   16.5093

    11

       28300

   8.1881e-06

time: neqn: step count: residual: 
   16.5385

    11

       28350

   7.8654e-06

time: neqn: step count: residual: 
   16.5677

    11

       28400

   7.5095e-06

time: neqn: step count: residual: 
   16.5968

    11

       28450

   7.1285e-06

time: neqn: step count: residual: 
   16.6260

    11

       28500

   6.7317e-06

time: neqn: step count: residual: 
   16.6552

    11

       28550

   6.3291e-06

time: neqn: step count: residual: 
   16.6843

    11

       28600

   5.9314e-06

time: neqn: step count: residual: 
   16.7135

    11

       28650

   5.5500e-06

time: neqn: step count: residual: 
   16.7427

    11

       28700

   5.1963e-06

time: neqn: step count: residual: 
   16.7718

    11

       28750

   4.8813e-06

time: neqn: step count: residual: 
   16.8010

    11

       28800

   4.6148e-06

time: neqn: step count: residual: 
   16.8302

    11

       28850

   4.4039e-06

time: neqn: step count: residual: 
   16.8594

    11

       28900

   4.2524e-06

time: neqn: step count: residual: 
   16.8885

    11

       28950

   4.1590e-06

time: neqn: step count: residual: 
   16.9177

    11

       29000

   4.1182e-06

time: neqn: step count: residual: 
   16.9469

    11

       29050

   4.1205e-06

time: neqn: step count: residual: 
   16.9760

    11

       29100

   4.1542e-06

time: neqn: step count: residual: 
   17.0052

    11

       29150

   4.2069e-06

time: neqn: step count: residual: 
   17.0344

    11

       29200

   4.2671e-06

time: neqn: step count: residual: 
   17.0635

    11

       29250

   4.3248e-06

time: neqn: step count: residual: 
   17.0927

    11

       29300

   4.3716e-06

time: neqn: step count: residual: 
   17.1219

    11

       29350

   4.4014e-06

time: neqn: step count: residual: 
   17.1510

    11

       29400

   4.4095e-06

time: neqn: step count: residual: 
   17.1802

    11

       29450

   4.3931e-06

time: neqn: step count: residual: 
   17.2094

    11

       29500

   4.3507e-06

time: neqn: step count: residual: 
   17.2385

    11

       29550

   4.2818e-06

time: neqn: step count: residual: 
   17.2677

    11

       29600

   4.1873e-06

time: neqn: step count: residual: 
   17.2969

    11

       29650

   4.0685e-06

time: neqn: step count: residual: 
   17.3260

    11

       29700

   3.9279e-06

time: neqn: step count: residual: 
   17.3552

    11

       29750

   3.7684e-06

time: neqn: step count: residual: 
   17.3844

    11

       29800

   3.5936e-06

time: neqn: step count: residual: 
   17.4136

    11

       29850

   3.4075e-06

time: neqn: step count: residual: 
   17.4427

    11

       29900

   3.2148e-06

time: neqn: step count: residual: 
   17.4719

    11

       29950

   3.0202e-06

time: neqn: step count: residual: 
   17.5011

    11

       30000

   2.8292e-06

time: neqn: step count: residual: 
   17.5302

    11

       30050

   2.6471e-06

time: neqn: step count: residual: 
   17.5594

    11

       30100

   2.4795e-06

time: neqn: step count: residual: 
   17.5886

    11

       30150

   2.3316e-06

time: neqn: step count: residual: 
   17.6177

    11

       30200

   2.2079e-06

time: neqn: step count: residual: 
   17.6469

    11

       30250

   2.1117e-06

time: neqn: step count: residual: 
   17.6761

    11

       30300

   2.0442e-06

time: neqn: step count: residual: 
   17.7052

    11

       30350

   2.0045e-06

time: neqn: step count: residual: 
   17.7344

    11

       30400

   1.9894e-06

time: neqn: step count: residual: 
   17.7636

    11

       30450

   1.9940e-06

time: neqn: step count: residual: 
   17.7927

    11

       30500

   2.0126e-06

time: neqn: step count: residual: 
   17.8219

    11

       30550

   2.0393e-06

time: neqn: step count: residual: 
   17.8511

    11

       30600

   2.0685e-06

time: neqn: step count: residual: 
   17.8802

    11

       30650

   2.0956e-06

time: neqn: step count: residual: 
   17.9094

    11

       30700

   2.1168e-06

time: neqn: step count: residual: 
   17.9386

    11

       30750

   2.1292e-06

time: neqn: step count: residual: 
   17.9678

    11

       30800

   2.1309e-06

time: neqn: step count: residual: 
   17.9969

    11

       30850

   2.1205e-06

time: neqn: step count: residual: 
   18.0261

    11

       30900

   2.0974e-06

time: neqn: step count: residual: 
   18.0553

    11

       30950

   2.0616e-06

time: neqn: step count: residual: 
   18.0844

    11

       31000

   2.0134e-06

time: neqn: step count: residual: 
   18.1136

    11

       31050

   1.9538e-06

time: neqn: step count: residual: 
   18.1428

    11

       31100

   1.8839e-06

time: neqn: step count: residual: 
   18.1719

    11

       31150

   1.8052e-06

time: neqn: step count: residual: 
   18.2011

    11

       31200

   1.7194e-06

time: neqn: step count: residual: 
   18.2303

    11

       31250

   1.6286e-06

time: neqn: step count: residual: 
   18.2594

    11

       31300

   1.5351e-06

time: neqn: step count: residual: 
   18.2886

    11

       31350

   1.4412e-06

time: neqn: step count: residual: 
   18.3178

    11

       31400

   1.3495e-06

time: neqn: step count: residual: 
   18.3469

    11

       31450

   1.2626e-06

time: neqn: step count: residual: 
   18.3761

    11

       31500

   1.1833e-06

time: neqn: step count: residual: 
   18.4053

    11

       31550

   1.1140e-06

time: neqn: step count: residual: 
   18.4344

    11

       31600

   1.0568e-06

time: neqn: step count: residual: 
   18.4636

    11

       31650

   1.0131e-06

time: neqn: step count: residual: 
   18.4928

    11

       31700

   9.8322e-07

time: neqn: step count: residual: 
   18.5220

    11

       31750

   9.6656e-07

time: neqn: step count: residual: 
   18.5511

    11

       31800

   9.6137e-07

time: neqn: step count: residual: 
   18.5803

    11

       31850

   9.6519e-07

time: neqn: step count: residual: 
   18.6095

    11

       31900

   9.7518e-07

time: neqn: step count: residual: 
   18.6386

    11

       31950

   9.8851e-07

time: neqn: step count: residual: 
   18.6678

    11

       32000

   1.0026e-06

time: neqn: step count: residual: 
   18.6970

    11

       32050

   1.0153e-06

time: neqn: step count: residual: 
   18.7261

    11

       32100

   1.0248e-06

time: neqn: step count: residual: 
   18.7553

    11

       32150

   1.0298e-06

time: neqn: step count: residual: 
   18.7845

    11

       32200

   1.0295e-06

time: neqn: step count: residual: 
   18.8136

    11

       32250

   1.0232e-06

time: neqn: step count: residual: 
   18.8428

    11

       32300

   1.0108e-06

time: neqn: step count: residual: 
   18.8720

    11

       32350

   9.9228e-07

time: neqn: step count: residual: 
   18.9011

    11

       32400

   9.6786e-07

time: neqn: step count: residual: 
   18.9303

    11

       32450

   9.3799e-07

time: neqn: step count: residual: 
   18.9595

    11

       32500

   9.0328e-07

time: neqn: step count: residual: 
   18.9886

    11

       32550

   8.6447e-07

time: neqn: step count: residual: 
   19.0178

    11

       32600

   8.2245e-07

time: neqn: step count: residual: 
   19.0470

    11

       32650

   7.7822e-07

time: neqn: step count: residual: 
   19.0762

    11

       32700

   7.3287e-07

time: neqn: step count: residual: 
   19.1053

    11

       32750

   6.8759e-07

time: neqn: step count: residual: 
   19.1345

    11

       32800

   6.4363e-07

time: neqn: step count: residual: 
   19.1637

    11

       32850

   6.0229e-07

time: neqn: step count: residual: 
   19.1928

    11

       32900

   5.6484e-07

time: neqn: step count: residual: 
   19.2220

    11

       32950

   5.3244e-07

time: neqn: step count: residual: 
   19.2512

    11

       33000

   5.0605e-07

time: neqn: step count: residual: 
   19.2803

    11

       33050

   4.8626e-07

time: neqn: step count: residual: 
   19.3095

    11

       33100

   4.7315e-07

time: neqn: step count: residual: 
   19.3387

    11

       33150

   4.6629e-07

time: neqn: step count: residual: 
   19.3678

    11

       33200

   4.6476e-07

time: neqn: step count: residual: 
   19.3970

    11

       33250

   4.6732e-07

time: neqn: step count: residual: 
   19.4262

    11

       33300

   4.7258e-07

time: neqn: step count: residual: 
   19.4553

    11

       33350

   4.7920e-07

time: neqn: step count: residual: 
   19.4845

    11

       33400

   4.8595e-07

time: neqn: step count: residual: 
   19.5137

    11

       33450

   4.9182e-07

time: neqn: step count: residual: 
   19.5428

    11

       33500

   4.9602e-07

time: neqn: step count: residual: 
   19.5720

    11

       33550

   4.9796e-07

time: neqn: step count: residual: 
   19.6012

    11

       33600

   4.9724e-07

time: neqn: step count: residual: 
   19.6304

    11

       33650

   4.9363e-07

time: neqn: step count: residual: 
   19.6595

    11

       33700

   4.8704e-07

time: neqn: step count: residual: 
   19.6887

    11

       33750

   4.7750e-07

time: neqn: step count: residual: 
   19.7179

    11

       33800

   4.6515e-07

time: neqn: step count: residual: 
   19.7470

    11

       33850

   4.5021e-07

time: neqn: step count: residual: 
   19.7762

    11

       33900

   4.3300e-07

time: neqn: step count: residual: 
   19.8054

    11

       33950

   4.1390e-07

time: neqn: step count: residual: 
   19.8345

    11

       34000

   3.9333e-07

time: neqn: step count: residual: 
   19.8637

    11

       34050

   3.7180e-07

time: neqn: step count: residual: 
   19.8929

    11

       34100

   3.4984e-07

time: neqn: step count: residual: 
   19.9220

    11

       34150

   3.2803e-07

time: neqn: step count: residual: 
   19.9512

    11

       34200

   3.0699e-07

time: neqn: step count: residual: 
   19.9804

    11

       34250

   2.8733e-07

time: neqn: step count: residual: 
   20.0095

    11

       34300

   2.6967e-07

time: neqn: step count: residual: 
   20.0387

    11

       34350

   2.5456e-07

time: neqn: step count: residual: 
   20.0679

    11

       34400

   2.4243e-07

time: neqn: step count: residual: 
   20.0970

    11

       34450

   2.3352e-07

time: neqn: step count: residual: 
   20.1262

    11

       34500

   2.2781e-07

time: neqn: step count: residual: 
   20.1554

    11

       34550

   2.2505e-07

time: neqn: step count: residual: 
   20.1846

    11

       34600

   2.2476e-07

time: neqn: step count: residual: 
   20.2137

    11

       34650

   2.2631e-07

time: neqn: step count: residual: 
   20.2429

    11

       34700

   2.2904e-07

time: neqn: step count: residual: 
   20.2721

    11

       34750

   2.3229e-07

time: neqn: step count: residual: 
   20.3012

    11

       34800

   2.3551e-07

time: neqn: step count: residual: 
   20.3304

    11

       34850

   2.3821e-07

time: neqn: step count: residual: 
   20.3596

    11

       34900

   2.4004e-07

time: neqn: step count: residual: 
   20.3887

    11

       34950

   2.4074e-07

time: neqn: step count: residual: 
   20.4179

    11

       35000

   2.4011e-07

time: neqn: step count: residual: 
   20.4471

    11

       35050

   2.3808e-07

time: neqn: step count: residual: 
   20.4762

    11

       35100

   2.3461e-07

time: neqn: step count: residual: 
   20.5054

    11

       35150

   2.2972e-07

time: neqn: step count: residual: 
   20.5346

    11

       35200

   2.2348e-07

time: neqn: step count: residual: 
   20.5637

    11

       35250

   2.1603e-07

time: neqn: step count: residual: 
   20.5929

    11

       35300

   2.0751e-07

time: neqn: step count: residual: 
   20.6221

    11

       35350

   1.9812e-07

time: neqn: step count: residual: 
   20.6512

    11

       35400

   1.8807e-07

time: neqn: step count: residual: 
   20.6804

    11

       35450

   1.7759e-07

time: neqn: step count: residual: 
   20.7096

    11

       35500

   1.6697e-07

time: neqn: step count: residual: 
   20.7388

    11

       35550

   1.5648e-07

time: neqn: step count: residual: 
   20.7679

    11

       35600

   1.4642e-07

time: neqn: step count: residual: 
   20.7971

    11

       35650

   1.3709e-07

time: neqn: step count: residual: 
   20.8263

    11

       35700

   1.2878e-07

time: neqn: step count: residual: 
   20.8554

    11

       35750

   1.2175e-07

time: neqn: step count: residual: 
   20.8846

    11

       35800

   1.1619e-07

time: neqn: step count: residual: 
   20.9138

    11

       35850

   1.1220e-07

time: neqn: step count: residual: 
   20.9429

    11

       35900

   1.0974e-07

time: neqn: step count: residual: 
   20.9721

    11

       35950

   1.0867e-07

time: neqn: step count: residual: 
   21.0013

    11

       36000

   1.0873e-07

time: neqn: step count: residual: 
   21.0304

    11

       36050

   1.0962e-07

time: neqn: step count: residual: 
   21.0596

    11

       36100

   1.1102e-07

time: neqn: step count: residual: 
   21.0888

    11

       36150

   1.1260e-07

time: neqn: step count: residual: 
   21.1179

    11

       36200

   1.1413e-07

time: neqn: step count: residual: 
   21.1471

    11

       36250

   1.1536e-07

time: neqn: step count: residual: 
   21.1763

    11

       36300

   1.1614e-07

time: neqn: step count: residual: 
   21.2054

    11

       36350

   1.1636e-07

time: neqn: step count: residual: 
   21.2346

    11

       36400

   1.1592e-07

time: neqn: step count: residual: 
   21.2638

    11

       36450

   1.1480e-07

time: neqn: step count: residual: 
   21.2930

    11

       36500

   1.1298e-07

time: neqn: step count: residual: 
   21.3221

    11

       36550

   1.1048e-07

time: neqn: step count: residual: 
   21.3513

    11

       36600

   1.0735e-07

time: neqn: step count: residual: 
   21.3805

    11

       36650

   1.0364e-07

time: neqn: step count: residual: 
   21.4096

    11

       36700

   9.9426e-08

time: neqn: step count: residual: 
   21.4388

    11

       36750

   9.4812e-08

time: neqn: step count: residual: 
   21.4680

    11

       36800

   8.9902e-08

time: neqn: step count: residual: 
   21.4971

    11

       36850

   8.4815e-08

time: neqn: step count: residual: 
   21.5263

    11

       36900

   7.9682e-08

time: neqn: step count: residual: 
   21.5555

    11

       36950

   7.4640e-08

time: neqn: step count: residual: 
   21.5846

    11

       37000

   6.9836e-08

time: neqn: step count: residual: 
   21.6138

    11

       37050

   6.5414e-08

time: neqn: step count: residual: 
   21.6430

    11

       37100

   6.1513e-08

time: neqn: step count: residual: 
   21.6721

    11

       37150

   5.8252e-08

time: neqn: step count: residual: 
   21.7013

    11

       37200

   5.5716e-08

time: neqn: step count: residual: 
   21.7305

    11

       37250

   5.3937e-08

time: neqn: step count: residual: 
   21.7596

    11

       37300

   5.2891e-08

time: neqn: step count: residual: 
   21.7888

    11

       37350

   5.2494e-08

time: neqn: step count: residual: 
   21.8180

    11

       37400

   5.2617e-08

time: neqn: step count: residual: 
   21.8472

    11

       37450

   5.3109e-08

time: neqn: step count: residual: 
   21.8763

    11

       37500

   5.3812e-08

time: neqn: step count: residual: 
   21.9055

    11

       37550

   5.4583e-08

time: neqn: step count: residual: 
   21.9347

    11

       37600

   5.5298e-08

time: neqn: step count: residual: 
   21.9638

    11

       37650

   5.5857e-08

time: neqn: step count: residual: 
   21.9930

    11

       37700

   5.6185e-08

time: neqn: step count: residual: 
   22.0222

    11

       37750

   5.6227e-08

time: neqn: step count: residual: 
   22.0513

    11

       37800

   5.5952e-08

time: neqn: step count: residual: 
   22.0805

    11

       37850

   5.5342e-08

time: neqn: step count: residual: 
   22.1097

    11

       37900

   5.4395e-08

time: neqn: step count: residual: 
   22.1388

    11

       37950

   5.3124e-08

time: neqn: step count: residual: 
   22.1680

    11

       38000

   5.1550e-08

time: neqn: step count: residual: 
   22.1972

    11

       38050

   4.9704e-08

time: neqn: step count: residual: 
   22.2263

    11

       38100

   4.7626e-08

time: neqn: step count: residual: 
   22.2555

    11

       38150

   4.5363e-08

time: neqn: step count: residual: 
   22.2847

    11

       38200

   4.2967e-08

time: neqn: step count: residual: 
   22.3138

    11

       38250

   4.0499e-08

time: neqn: step count: residual: 
   22.3430

    11

       38300

   3.8021e-08

time: neqn: step count: residual: 
   22.3722

    11

       38350

   3.5601e-08

time: neqn: step count: residual: 
   22.4014

    11

       38400

   3.3311e-08

time: neqn: step count: residual: 
   22.4305

    11

       38450

   3.1219e-08

time: neqn: step count: residual: 
   22.4597

    11

       38500

   2.9391e-08

time: neqn: step count: residual: 
   22.4889

    11

       38550

   2.7882e-08

time: neqn: step count: residual: 
   22.5180

    11

       38600

   2.6729e-08

time: neqn: step count: residual: 
   22.5472

    11

       38650

   2.5943e-08

time: neqn: step count: residual: 
   22.5764

    11

       38700

   2.5504e-08

time: neqn: step count: residual: 
   22.6055

    11

       38750

   2.5368e-08

time: neqn: step count: residual: 
   22.6347

    11

       38800

   2.5469e-08

time: neqn: step count: residual: 
   22.6639

    11

       38850

   2.5734e-08

time: neqn: step count: residual: 
   22.6930

    11

       38900

   2.6086e-08

time: neqn: step count: residual: 
   22.7222

    11

       38950

   2.6457e-08

time: neqn: step count: residual: 
   22.7514

    11

       39000

   2.6791e-08

time: neqn: step count: residual: 
   22.7805

    11

       39050

   2.7041e-08

time: neqn: step count: residual: 
   22.8097

    11

       39100

   2.7174e-08

time: neqn: step count: residual: 
   22.8389

    11

       39150

   2.7165e-08

time: neqn: step count: residual: 
   22.8681

    11

       39200

   2.6999e-08

time: neqn: step count: residual: 
   22.8972

    11

       39250

   2.6672e-08

time: neqn: step count: residual: 
   22.9264

    11

       39300

   2.6182e-08

time: neqn: step count: residual: 
   22.9556

    11

       39350

   2.5537e-08

time: neqn: step count: residual: 
   22.9847

    11

       39400

   2.4749e-08

time: neqn: step count: residual: 
   23.0139

    11

       39450

   2.3832e-08

time: neqn: step count: residual: 
   23.0431

    11

       39500

   2.2808e-08

time: neqn: step count: residual: 
   23.0722

    11

       39550

   2.1699e-08

time: neqn: step count: residual: 
   23.1014

    11

       39600

   2.0532e-08

time: neqn: step count: residual: 
   23.1306

    11

       39650

   1.9335e-08

time: neqn: step count: residual: 
   23.1597

    11

       39700

   1.8140e-08

time: neqn: step count: residual: 
   23.1889

    11

       39750

   1.6980e-08

time: neqn: step count: residual: 
   23.2181

    11

       39800

   1.5890e-08

time: neqn: step count: residual: 
   23.2472

    11

       39850

   1.4902e-08

time: neqn: step count: residual: 
   23.2764

    11

       39900

   1.4047e-08

time: neqn: step count: residual: 
   23.3056

    11

       39950

   1.3352e-08

time: neqn: step count: residual: 
   23.3347

    11

       40000

   1.2830e-08

time: neqn: step count: residual: 
   23.3639

    11

       40050

   1.2484e-08

time: neqn: step count: residual: 
   23.3931

    11

       40100

   1.2304e-08

time: neqn: step count: residual: 
   23.4223

    11

       40150

   1.2264e-08

time: neqn: step count: residual: 
   23.4514

    11

       40200

   1.2332e-08

time: neqn: step count: residual: 
   23.4806

    11

       40250

   1.2471e-08

time: neqn: step count: residual: 
   23.5098

    11

       40300

   1.2645e-08

time: neqn: step count: residual: 
   23.5389

    11

       40350

   1.2823e-08

time: neqn: step count: residual: 
   23.5681

    11

       40400

   1.2978e-08

time: neqn: step count: residual: 
   23.5973

    11

       40450

   1.3089e-08

time: neqn: step count: residual: 
   23.6264

    11

       40500

   1.3140e-08

time: neqn: step count: residual: 
   23.6556

    11

       40550

   1.3121e-08

time: neqn: step count: residual: 
   23.6848

    11

       40600

   1.3025e-08

time: neqn: step count: residual: 
   23.7139

    11

       40650

   1.2851e-08

time: neqn: step count: residual: 
   23.7431

    11

       40700

   1.2599e-08

time: neqn: step count: residual: 
   23.7723

    11

       40750

   1.2273e-08

time: neqn: step count: residual: 
   23.8014

    11

       40800

   1.1879e-08

time: neqn: step count: residual: 
   23.8306

    11

       40850

   1.1424e-08

time: neqn: step count: residual: 
   23.8598

    11

       40900

   1.0920e-08

time: neqn: step count: residual: 
   23.8889

    11

       40950

   1.0377e-08

40984 time steps
CPU-times
 advection:         769.32s  100%
plotting:            0.24s    0%
CPU-times
 advection:           0.00s    0%
plotting: