
                            < M A T L A B (R) >
                  Copyright 1984-2017 The MathWorks, Inc.
                   R2017b (9.3.0.713579) 64-bit (glnxa64)
                             September 14, 2017

 
To get started, type one of these: helpwin, helpdesk, or demo.
For product information, visit www.mathworks.com.
 
time: neqn: 
    0.0161

    11

time: neqn: 
    0.0321

    11

time: neqn: 
    0.0482

    11

time: neqn: 
    0.0643

    11

time: neqn: 
    0.0803

    11

time: neqn: 
    0.0964

    11

time: neqn: 
    0.1124

    11

time: neqn: 
    0.1285

    11

time: neqn: 
    0.1446

    11

time: neqn: 
    0.1606

    11

time: neqn: 
    0.1767

    11

time: neqn: 
    0.1928

    11

time: neqn: 
    0.2088

    11

time: neqn: 
    0.2249

    11

time: neqn: 
    0.2409

    11

time: neqn: 
    0.2570

    11

time: neqn: 
    0.2731

    11

time: neqn: 
    0.2891

    11

934 time steps
CPU-times
 advection:           6.30s  100%
plotting:            0.00s    0%
CPU-times
 advection:           0.00s    0%
plotting: