
                            < M A T L A B (R) >
                  Copyright 1984-2018 The MathWorks, Inc.
                   R2018a (9.4.0.813654) 64-bit (glnxa64)
                             February 23, 2018

 
To get started, type one of these: helpwin, helpdesk, or demo.
For product information, visit www.mathworks.com.
 
time: neqn: step_count 
    0.0061

    54

    50

time: neqn: step_count 
    0.0123

    54

   100

time: neqn: step_count 
    0.0184

    54

   150

time: neqn: step_count 
    0.0246

    54

   200

time: neqn: step_count 
    0.0307

    54

   250

time: neqn: step_count 
    0.0369

    54

   300

time: neqn: step_count 
    0.0430

    54

   350

time: neqn: step_count 
    0.0492

    54

   400

time: neqn: step_count 
    0.0553

    54

   450

time: neqn: step_count 
    0.0615

    54

   500

time: neqn: step_count 
    0.0676

    54

   550

time: neqn: step_count 
    0.0738

    54

   600

time: neqn: step_count 
    0.0799

    54

   650

time: neqn: step_count 
    0.0861

    54

   700

time: neqn: step_count 
    0.0922

    54

   750

time: neqn: step_count 
    0.0984

    54

   800

time: neqn: step_count 
    0.1045

    54

   850

time: neqn: step_count 
    0.1107

    54

   900

time: neqn: step_count 
    0.1168

    54

   950

time: neqn: step_count 
    0.1230

    54

        1000

time: neqn: step_count 
    0.1291

    54

        1050

time: neqn: step_count 
    0.1353

    54

        1100

time: neqn: step_count 
    0.1414

    54

        1150

time: neqn: step_count 
    0.1476

    54

        1200

time: neqn: step_count 
    0.1537

    54

        1250

time: neqn: step_count 
    0.1599

    54

        1300

time: neqn: step_count 
    0.1660

    54

        1350

time: neqn: step_count 
    0.1722

    54

        1400

time: neqn: step_count 
    0.1783

    54

        1450

time: neqn: step_count 
    0.1844

    54

        1500

time: neqn: step_count 
    0.1906

    54

        1550

time: neqn: step_count 
    0.1967

    54

        1600

time: neqn: step_count 
    0.2029

    54

        1650

time: neqn: step_count 
    0.2090

    54

        1700

time: neqn: step_count 
    0.2152

    54

        1750

time: neqn: step_count 
    0.2213

    54

        1800

time: neqn: step_count 
    0.2275

    54

        1850

time: neqn: step_count 
    0.2336

    54

        1900

time: neqn: step_count 
    0.2398

    54

        1950

time: neqn: step_count 
    0.2459

    54

        2000

time: neqn: step_count 
    0.2521

    54

        2050

time: neqn: step_count 
    0.2582

    54

        2100

time: neqn: step_count 
    0.2644

    54

        2150

time: neqn: step_count 
    0.2705

    54

        2200

time: neqn: step_count 
    0.2767

    54

        2250

time: neqn: step_count 
    0.2828

    54

        2300

time: neqn: step_count 
    0.2890

    54

        2350

time: neqn: step_count 
    0.2951

    54

        2400

2440 time steps
CPU-times
 advection:         169.38s  100%
plotting:            0.01s    0%
CPU-times
 advection:           0.00s    0%
plotting:written to:
result_collision_gaussian_1x1v/wall_tend_0.3_points_300_neqn_
