
                            < M A T L A B (R) >
                  Copyright 1984-2017 The MathWorks, Inc.
                   R2017b (9.3.0.713579) 64-bit (glnxa64)
                             September 14, 2017

 
To get started, type one of these: helpwin, helpdesk, or demo.
For product information, visit www.mathworks.com.
 
time: neqn: 
    0.0201

     8

time: neqn: 
    0.0402

     8

time: neqn: 
    0.0603

     8

time: neqn: 
    0.0804

     8

time: neqn: 
    0.1005

     8

time: neqn: 
    0.1206

     8

time: neqn: 
    0.1407

     8

time: neqn: 
    0.1609

     8

time: neqn: 
    0.1810

     8

time: neqn: 
    0.2011

     8

time: neqn: 
    0.2212

     8

time: neqn: 
    0.2413

     8

time: neqn: 
    0.2614

     8

time: neqn: 
    0.2815

     8

747 time steps
CPU-times
 advection:           3.59s  100%
plotting:            0.00s    0%
CPU-times
 advection:           0.00s    0%
plotting: