
                            < M A T L A B (R) >
                  Copyright 1984-2018 The MathWorks, Inc.
                   R2018a (9.4.0.813654) 64-bit (glnxa64)
                             February 23, 2018

 
To get started, type one of these: helpwin, helpdesk, or demo.
For product information, visit www.mathworks.com.
 
time: neqn: step_count 
    0.0222

     7

    50

time: neqn: step_count 
    0.0444

     7

   100

time: neqn: step_count 
    0.0667

     7

   150

time: neqn: step_count 
    0.0889

     7

   200

time: neqn: step_count 
    0.1111

     7

   250

time: neqn: step_count 
    0.1333

     7

   300

time: neqn: step_count 
    0.1555

     7

   350

time: neqn: step_count 
    0.1778

     7

   400

time: neqn: step_count 
    0.2000

     7

   450

time: neqn: step_count 
    0.2222

     7

   500

time: neqn: step_count 
    0.2444

     7

   550

time: neqn: step_count 
    0.2666

     7

   600

time: neqn: step_count 
    0.2889

     7

   650

676 time steps
CPU-times
 advection:           3.04s  100%
plotting:            0.00s    0%
CPU-times
 advection:           0.00s    0%
plotting:written to:
result_collision_gaussian_1x1v/wall_tend_0.3_points_300_neqn_
