
                            < M A T L A B (R) >
                  Copyright 1984-2017 The MathWorks, Inc.
                   R2017b (9.3.0.713579) 64-bit (glnxa64)
                             September 14, 2017

 
To get started, type one of these: helpwin, helpdesk, or demo.
For product information, visit www.mathworks.com.
 
time: neqn: step count: residual: 
    0.0060

   164

    50

   2.4834e-33

time: neqn: step count: residual: 
    0.0121

   164

   100

   3.3901e-15

time: neqn: step count: residual: 
    0.0181

   164

   150

   2.8035e-09

150 time steps
CPU-times
 advection:          34.65s  100%
plotting:            0.07s    0%
CPU-times
 advection:           0.00s    0%
plotting: