
                            < M A T L A B (R) >
                  Copyright 1984-2017 The MathWorks, Inc.
                   R2017b (9.3.0.713579) 64-bit (glnxa64)
                             September 14, 2017

 
To get started, type one of these: helpwin, helpdesk, or demo.
For product information, visit www.mathworks.com.
 
time: neqn: 
    0.0222

     7

time: neqn: 
    0.0444

     7

time: neqn: 
    0.0667

     7

time: neqn: 
    0.0889

     7

time: neqn: 
    0.1111

     7

time: neqn: 
    0.1333

     7

time: neqn: 
    0.1555

     7

time: neqn: 
    0.1778

     7

time: neqn: 
    0.2000

     7

time: neqn: 
    0.2222

     7

time: neqn: 
    0.2444

     7

time: neqn: 
    0.2666

     7

time: neqn: 
    0.2889

     7

676 time steps
CPU-times
 advection:           2.81s  100%
plotting:            0.00s    0%
CPU-times
 advection:           0.00s    0%
plotting: