
                            < M A T L A B (R) >
                  Copyright 1984-2017 The MathWorks, Inc.
                   R2017b (9.3.0.713579) 64-bit (glnxa64)
                             September 14, 2017

 
To get started, type one of these: helpwin, helpdesk, or demo.
For product information, visit www.mathworks.com.
 
time: neqn: 
    0.0189

    16

    50

time: neqn: 
    0.0377

    16

   100

time: neqn: 
    0.0566

    16

   150

time: neqn: 
    0.0754

    16

   200

time: neqn: 
    0.0943

    16

   250

time: neqn: 
    0.1131

    16

   300

time: neqn: 
    0.1320

    16

   350

time: neqn: 
    0.1508

    16

   400

time: neqn: 
    0.1697

    16

   450

time: neqn: 
    0.1885

    16

   500

time: neqn: 
    0.2074

    16

   550

time: neqn: 
    0.2262

    16

   600

time: neqn: 
    0.2451

    16

   650

time: neqn: 
    0.2639

    16

   700

time: neqn: 
    0.2828

    16

   750

796 time steps
CPU-times
 advection:           7.34s   40%
plotting:           10.87s   60%
CPU-times
 advection:           0.00s    0%
plotting: