
                            < M A T L A B (R) >
                  Copyright 1984-2018 The MathWorks, Inc.
                   R2018a (9.4.0.813654) 64-bit (glnxa64)
                             February 23, 2018

 
To get started, type one of these: helpwin, helpdesk, or demo.
For product information, visit www.mathworks.com.
 
time: neqn: step_count 
    0.0137

    14

    50

time: neqn: step_count 
    0.0274

    14

   100

time: neqn: step_count 
    0.0411

    14

   150

time: neqn: step_count 
    0.0548

    14

   200

time: neqn: step_count 
    0.0684

    14

   250

time: neqn: step_count 
    0.0821

    14

   300

time: neqn: step_count 
    0.0958

    14

   350

time: neqn: step_count 
    0.1095

    14

   400

time: neqn: step_count 
    0.1232

    14

   450

time: neqn: step_count 
    0.1369

    14

   500

time: neqn: step_count 
    0.1506

    14

   550

time: neqn: step_count 
    0.1643

    14

   600

time: neqn: step_count 
    0.1780

    14

   650

time: neqn: step_count 
    0.1917

    14

   700

time: neqn: step_count 
    0.2053

    14

   750

time: neqn: step_count 
    0.2190

    14

   800

time: neqn: step_count 
    0.2327

    14

   850

time: neqn: step_count 
    0.2464

    14

   900

time: neqn: step_count 
    0.2601

    14

   950

time: neqn: step_count 
    0.2738

    14

        1000

time: neqn: step_count 
    0.2875

    14

        1050

1096 time steps
CPU-times
 advection:          10.71s  100%
plotting:            0.00s    0%
CPU-times
 advection:           0.00s    0%
plotting:written to:
result_collision_gaussian_1x1v/wall_tend_0.3_points_300_neqn_
