
                            < M A T L A B (R) >
                  Copyright 1984-2018 The MathWorks, Inc.
                   R2018a (9.4.0.813654) 64-bit (glnxa64)
                             February 23, 2018

 
To get started, type one of these: helpwin, helpdesk, or demo.
For product information, visit www.mathworks.com.
 
time: neqn: step_count 
    0.0185

     9

    50

time: neqn: step_count 
    0.0369

     9

   100

time: neqn: step_count 
    0.0554

     9

   150

time: neqn: step_count 
    0.0739

     9

   200

time: neqn: step_count 
    0.0923

     9

   250

time: neqn: step_count 
    0.1108

     9

   300

time: neqn: step_count 
    0.1293

     9

   350

time: neqn: step_count 
    0.1477

     9

   400

time: neqn: step_count 
    0.1662

     9

   450

time: neqn: step_count 
    0.1847

     9

   500

time: neqn: step_count 
    0.2031

     9

   550

time: neqn: step_count 
    0.2216

     9

   600

time: neqn: step_count 
    0.2401

     9

   650

time: neqn: step_count 
    0.2585

     9

   700

time: neqn: step_count 
    0.2770

     9

   750

time: neqn: step_count 
    0.2955

     9

   800

813 time steps
CPU-times
 advection:           4.65s  100%
plotting:            0.00s    0%
CPU-times
 advection:           0.00s    0%
plotting:written to:
result_collision_gaussian_1x1v/wall_tend_0.3_points_300_neqn_
