
                            < M A T L A B (R) >
                  Copyright 1984-2018 The MathWorks, Inc.
                   R2018a (9.4.0.813654) 64-bit (glnxa64)
                             February 23, 2018

 
To get started, type one of these: helpwin, helpdesk, or demo.
For product information, visit www.mathworks.com.
 
time: neqn: step_count 
    0.0126

    16

    50

time: neqn: step_count 
    0.0251

    16

   100

time: neqn: step_count 
    0.0377

    16

   150

time: neqn: step_count 
    0.0503

    16

   200

time: neqn: step_count 
    0.0628

    16

   250

time: neqn: step_count 
    0.0754

    16

   300

time: neqn: step_count 
    0.0880

    16

   350

time: neqn: step_count 
    0.1005

    16

   400

time: neqn: step_count 
    0.1131

    16

   450

time: neqn: step_count 
    0.1257

    16

   500

time: neqn: step_count 
    0.1382

    16

   550

time: neqn: step_count 
    0.1508

    16

   600

time: neqn: step_count 
    0.1634

    16

   650

time: neqn: step_count 
    0.1759

    16

   700

time: neqn: step_count 
    0.1885

    16

   750

time: neqn: step_count 
    0.2011

    16

   800

time: neqn: step_count 
    0.2136

    16

   850

time: neqn: step_count 
    0.2262

    16

   900

time: neqn: step_count 
    0.2388

    16

   950

time: neqn: step_count 
    0.2513

    16

        1000

time: neqn: step_count 
    0.2639

    16

        1050

time: neqn: step_count 
    0.2765

    16

        1100

time: neqn: step_count 
    0.2891

    16

        1150

1194 time steps
CPU-times
 advection:          13.53s  100%
plotting:            0.00s    0%
CPU-times
 advection:           0.00s    0%
plotting:written to:
result_collision_gaussian_1x1v/wall_tend_0.3_points_300_neqn_
