
                            < M A T L A B (R) >
                  Copyright 1984-2018 The MathWorks, Inc.
                   R2018a (9.4.0.813654) 64-bit (glnxa64)
                             February 23, 2018

 
To get started, type one of these: helpwin, helpdesk, or demo.
For product information, visit www.mathworks.com.
 
time: neqn: step_count 
    0.0131

    15

    50

time: neqn: step_count 
    0.0262

    15

   100

time: neqn: step_count 
    0.0393

    15

   150

time: neqn: step_count 
    0.0524

    15

   200

time: neqn: step_count 
    0.0655

    15

   250

time: neqn: step_count 
    0.0786

    15

   300

time: neqn: step_count 
    0.0917

    15

   350

time: neqn: step_count 
    0.1048

    15

   400

time: neqn: step_count 
    0.1179

    15

   450

time: neqn: step_count 
    0.1309

    15

   500

time: neqn: step_count 
    0.1440

    15

   550

time: neqn: step_count 
    0.1571

    15

   600

time: neqn: step_count 
    0.1702

    15

   650

time: neqn: step_count 
    0.1833

    15

   700

time: neqn: step_count 
    0.1964

    15

   750

time: neqn: step_count 
    0.2095

    15

   800

time: neqn: step_count 
    0.2226

    15

   850

time: neqn: step_count 
    0.2357

    15

   900

time: neqn: step_count 
    0.2488

    15

   950

time: neqn: step_count 
    0.2619

    15

        1000

time: neqn: step_count 
    0.2750

    15

        1050

time: neqn: step_count 
    0.2881

    15

        1100

1146 time steps
CPU-times
 advection:          11.88s  100%
plotting:            0.00s    0%
CPU-times
 advection:           0.00s    0%
plotting:written to:
result_collision_gaussian_1x1v/wall_tend_0.3_points_300_neqn_
