
                            < M A T L A B (R) >
                  Copyright 1984-2017 The MathWorks, Inc.
                   R2017b (9.3.0.713579) 64-bit (glnxa64)
                             September 14, 2017

 
To get started, type one of these: helpwin, helpdesk, or demo.
For product information, visit www.mathworks.com.
 
time: neqn: 
    0.0121

    17

time: neqn: 
    0.0242

    17

time: neqn: 
    0.0363

    17

time: neqn: 
    0.0484

    17

time: neqn: 
    0.0605

    17

time: neqn: 
    0.0726

    17

time: neqn: 
    0.0847

    17

time: neqn: 
    0.0968

    17

time: neqn: 
    0.1089

    17

time: neqn: 
    0.1210

    17

time: neqn: 
    0.1331

    17

time: neqn: 
    0.1452

    17

time: neqn: 
    0.1573

    17

time: neqn: 
    0.1693

    17

time: neqn: 
    0.1814

    17

time: neqn: 
    0.1935

    17

time: neqn: 
    0.2056

    17

time: neqn: 
    0.2177

    17

time: neqn: 
    0.2298

    17

time: neqn: 
    0.2419

    17

time: neqn: 
    0.2540

    17

time: neqn: 
    0.2661

    17

time: neqn: 
    0.2782

    17

time: neqn: 
    0.2903

    17

1241 time steps
CPU-times
 advection:          17.62s  100%
plotting:            0.00s    0%
CPU-times
 advection:           0.00s    0%
plotting: